2011.04.13 16:28 B D:\vlab_aprl13_2011\Vlab\prop\100_4508.JPG <-- Ipswitch /users/web_aero/Vlab/prop 100_4508.JPG
2011.04.13 16:28 B D:\vlab_aprl13_2011\Vlab\prop\100_4509.JPG <-- Ipswitch /users/web_aero/Vlab/prop 100_4509.JPG
2011.04.13 16:28 B D:\vlab_aprl13_2011\Vlab\prop\100_4510.JPG <-- Ipswitch /users/web_aero/Vlab/prop 100_4510.JPG
2011.04.13 16:28 B D:\vlab_aprl13_2011\Vlab\prop\100_4511.JPG <-- Ipswitch /users/web_aero/Vlab/prop 100_4511.JPG
2011.04.13 16:28 B D:\vlab_aprl13_2011\Vlab\prop\100_4512.flv <-- Ipswitch /users/web_aero/Vlab/prop 100_4512.flv
2011.04.13 16:28 B D:\vlab_aprl13_2011\Vlab\prop\100_4512.htm <-- Ipswitch /users/web_aero/Vlab/prop 100_4512.htm
2011.04.13 16:28 B D:\vlab_aprl13_2011\Vlab\prop\100_4512.jpg <-- Ipswitch /users/web_aero/Vlab/prop 100_4512.jpg
2011.04.13 16:28 B D:\vlab_aprl13_2011\Vlab\prop\100_4512.swf <-- Ipswitch /users/web_aero/Vlab/prop 100_4512.swf
2011.04.13 16:28 B D:\vlab_aprl13_2011\Vlab\prop\100_4513.flv <-- Ipswitch /users/web_aero/Vlab/prop 100_4513.flv
2011.04.13 16:28 B D:\vlab_aprl13_2011\Vlab\prop\100_4513.htm <-- Ipswitch /users/web_aero/Vlab/prop 100_4513.htm
2011.04.13 16:28 B D:\vlab_aprl13_2011\Vlab\prop\100_4513.jpg <-- Ipswitch /users/web_aero/Vlab/prop 100_4513.jpg
2011.04.13 16:28 B D:\vlab_aprl13_2011\Vlab\prop\100_4513.swf <-- Ipswitch /users/web_aero/Vlab/prop 100_4513.swf
2011.04.13 16:28 B D:\vlab_aprl13_2011\Vlab\prop\ap.html <-- Ipswitch /users/web_aero/Vlab/prop ap.html
2011.04.13 16:28 B D:\vlab_aprl13_2011\Vlab\prop\appendix.html <-- Ipswitch /users/web_aero/Vlab/prop appendix.html
2011.04.13 16:28 B D:\vlab_aprl13_2011\Vlab\prop\appendix_clip_image002.png <-- Ipswitch /users/web_aero/Vlab/prop appendix_clip_image002.png
2011.04.13 16:28 B D:\vlab_aprl13_2011\Vlab\prop\appendix_clip_image002_0000.png <-- Ipswitch /users/web_aero/Vlab/prop appendix_clip_image002_0000.png
2011.04.13 16:28 B D:\vlab_aprl13_2011\Vlab\prop\appendix_clip_image004.png <-- Ipswitch /users/web_aero/Vlab/prop appendix_clip_image004.png
2011.04.13 16:28 B D:\vlab_aprl13_2011\Vlab\prop\appendix_clip_image006.png <-- Ipswitch /users/web_aero/Vlab/prop appendix_clip_image006.png
2011.04.13 16:28 B D:\vlab_aprl13_2011\Vlab\prop\appendix_clip_image006_0000.png <-- Ipswitch /users/web_aero/Vlab/prop appendix_clip_image006_0000.png
2011.04.13 16:28 B D:\vlab_aprl13_2011\Vlab\prop\banner.jpg <-- Ipswitch /users/web_aero/Vlab/prop banner.jpg
2011.04.13 16:28 B D:\vlab_aprl13_2011\Vlab\prop\banner2.jpg <-- Ipswitch /users/web_aero/Vlab/prop banner2.jpg
2011.04.13 16:28 B D:\vlab_aprl13_2011\Vlab\prop\BTP Presentation copy.pptx <-- Ipswitch /users/web_aero/Vlab/prop BTP Presentation copy.pptx
2011.04.13 16:28 B D:\vlab_aprl13_2011\Vlab\prop\BTP Report copy.docx <-- Ipswitch /users/web_aero/Vlab/prop BTP Report copy.docx
2011.04.13 16:28 B D:\vlab_aprl13_2011\Vlab\prop\exmplmenu_var.js <-- Ipswitch /users/web_aero/Vlab/prop exmplmenu_var.js
2011.04.13 16:28 B D:\vlab_aprl13_2011\Vlab\prop\expt1.html <-- Ipswitch /users/web_aero/Vlab/prop expt1.html
2011.04.13 16:28 B D:\vlab_aprl13_2011\Vlab\prop\expt10.html <-- Ipswitch /users/web_aero/Vlab/prop expt10.html
2011.04.13 16:28 B D:\vlab_aprl13_2011\Vlab\prop\fig4.jpg <-- Ipswitch /users/web_aero/Vlab/prop fig4.jpg
2011.04.13 16:28 B D:\vlab_aprl13_2011\Vlab\prop\intro.html <-- Ipswitch /users/web_aero/Vlab/prop intro.html
2011.04.13 16:28 B D:\vlab_aprl13_2011\Vlab\prop\menu_com.js <-- Ipswitch /users/web_aero/Vlab/prop menu_com.js
2011.04.13 16:28 B D:\vlab_aprl13_2011\Vlab\prop\mov1.htm <-- Ipswitch /users/web_aero/Vlab/prop mov1.htm
2011.04.13 16:28 B D:\vlab_aprl13_2011\Vlab\prop\mov2.htm <-- Ipswitch /users/web_aero/Vlab/prop mov2.htm
2011.04.13 16:28 B D:\vlab_aprl13_2011\Vlab\prop\object.html <-- Ipswitch /users/web_aero/Vlab/prop object.html
2011.04.13 16:28 B D:\vlab_aprl13_2011\Vlab\prop\plot1.jpg <-- Ipswitch /users/web_aero/Vlab/prop plot1.jpg
2011.04.13 16:28 B D:\vlab_aprl13_2011\Vlab\prop\plot2.jpg <-- Ipswitch /users/web_aero/Vlab/prop plot2.jpg
2011.04.13 16:28 B D:\vlab_aprl13_2011\Vlab\prop\plot3.jpg <-- Ipswitch /users/web_aero/Vlab/prop plot3.jpg
2011.04.13 16:28 B D:\vlab_aprl13_2011\Vlab\prop\propulsion.docx <-- Ipswitch /users/web_aero/Vlab/prop propulsion.docx
2011.04.13 16:28 B D:\vlab_aprl13_2011\Vlab\prop\results.html <-- Ipswitch /users/web_aero/Vlab/prop results.html
2011.04.13 16:28 B D:\vlab_aprl13_2011\Vlab\prop\results_clip_image002.gif <-- Ipswitch /users/web_aero/Vlab/prop results_clip_image002.gif
2011.04.13 16:28 B D:\vlab_aprl13_2011\Vlab\prop\results_clip_image002_0000.gif <-- Ipswitch /users/web_aero/Vlab/prop results_clip_image002_0000.gif
2011.04.13 16:28 B D:\vlab_aprl13_2011\Vlab\prop\results_clip_image002_0001.gif <-- Ipswitch /users/web_aero/Vlab/prop results_clip_image002_0001.gif
2011.04.13 16:28 B D:\vlab_aprl13_2011\Vlab\prop\results_clip_image002_0002.gif <-- Ipswitch /users/web_aero/Vlab/prop results_clip_image002_0002.gif
2011.04.13 16:28 B D:\vlab_aprl13_2011\Vlab\prop\results_clip_image004.gif <-- Ipswitch /users/web_aero/Vlab/prop results_clip_image004.gif
2011.04.13 16:28 B D:\vlab_aprl13_2011\Vlab\prop\results_clip_image004_0000.gif <-- Ipswitch /users/web_aero/Vlab/prop results_clip_image004_0000.gif
2011.04.13 16:28 B D:\vlab_aprl13_2011\Vlab\prop\results_clip_image006.gif <-- Ipswitch /users/web_aero/Vlab/prop results_clip_image006.gif
2011.04.13 16:28 B D:\vlab_aprl13_2011\Vlab\prop\results_clip_image006_0000.gif <-- Ipswitch /users/web_aero/Vlab/prop results_clip_image006_0000.gif
2011.04.13 16:28 B D:\vlab_aprl13_2011\Vlab\prop\results_clip_image008.gif <-- Ipswitch /users/web_aero/Vlab/prop results_clip_image008.gif
2011.04.13 16:28 B D:\vlab_aprl13_2011\Vlab\prop\results_clip_image010.gif <-- Ipswitch /users/web_aero/Vlab/prop results_clip_image010.gif
2011.04.13 16:28 B D:\vlab_aprl13_2011\Vlab\prop\results_clip_image012.gif <-- Ipswitch /users/web_aero/Vlab/prop results_clip_image012.gif
2011.04.13 16:28 B D:\vlab_aprl13_2011\Vlab\prop\results_clip_image014.gif <-- Ipswitch /users/web_aero/Vlab/prop results_clip_image014.gif
2011.04.13 16:28 B D:\vlab_aprl13_2011\Vlab\prop\results_clip_image014_0000.gif <-- Ipswitch /users/web_aero/Vlab/prop results_clip_image014_0000.gif
2011.04.13 16:28 B D:\vlab_aprl13_2011\Vlab\prop\schem.jpg <-- Ipswitch /users/web_aero/Vlab/prop schem.jpg
2011.04.13 16:28 B D:\vlab_aprl13_2011\Vlab\prop\test.html <-- Ipswitch /users/web_aero/Vlab/prop test.html
2011.04.13 16:28 B D:\vlab_aprl13_2011\Vlab\prop\Thumbs.db <-- Ipswitch /users/web_aero/Vlab/prop Thumbs.db
2011.04.13 16:28 B D:\vlab_aprl13_2011\Vlab\prop\torque.jpg <-- Ipswitch /users/web_aero/Vlab/prop torque.jpg
2011.04.13 16:28 B D:\vlab_aprl13_2011\Vlab\prop\XCS-062.jpg <-- Ipswitch /users/web_aero/Vlab/prop XCS-062.jpg
2011.04.13 16:28 B D:\vlab_aprl13_2011\Vlab\prop\~$opulsion.docx <-- Ipswitch /users/web_aero/Vlab/prop ~$opulsion.docx
2011.04.17 09:44 B D:\vlab_aprl13_2011\Vlab\prop1\100_4508.JPG --> mailer /users/web_aero/alok/vlab_aprl13_2011/Vlab/prop1 100_4508.JPG
2011.04.17 09:44 B D:\vlab_aprl13_2011\Vlab\prop1\100_4509.JPG --> mailer /users/web_aero/alok/vlab_aprl13_2011/Vlab/prop1 100_4509.JPG
2011.04.17 09:44 B D:\vlab_aprl13_2011\Vlab\prop1\100_4510.JPG --> mailer /users/web_aero/alok/vlab_aprl13_2011/Vlab/prop1 100_4510.JPG
2011.04.17 09:44 B D:\vlab_aprl13_2011\Vlab\prop1\100_4511.JPG --> mailer /users/web_aero/alok/vlab_aprl13_2011/Vlab/prop1 100_4511.JPG
2011.04.17 09:44 B D:\vlab_aprl13_2011\Vlab\prop1\100_4512.flv --> mailer /users/web_aero/alok/vlab_aprl13_2011/Vlab/prop1 100_4512.flv
2011.04.17 09:44 B D:\vlab_aprl13_2011\Vlab\prop1\100_4512.htm --> mailer /users/web_aero/alok/vlab_aprl13_2011/Vlab/prop1 100_4512.htm
2011.04.17 09:44 B D:\vlab_aprl13_2011\Vlab\prop1\100_4512.jpg --> mailer /users/web_aero/alok/vlab_aprl13_2011/Vlab/prop1 100_4512.jpg
2011.04.17 09:44 B D:\vlab_aprl13_2011\Vlab\prop1\100_4512.swf --> mailer /users/web_aero/alok/vlab_aprl13_2011/Vlab/prop1 100_4512.swf
2011.04.17 09:44 B D:\vlab_aprl13_2011\Vlab\prop1\100_4513.flv --> mailer /users/web_aero/alok/vlab_aprl13_2011/Vlab/prop1 100_4513.flv
2011.04.17 09:44 B D:\vlab_aprl13_2011\Vlab\prop1\100_4513.htm --> mailer /users/web_aero/alok/vlab_aprl13_2011/Vlab/prop1 100_4513.htm
2011.04.17 09:44 B D:\vlab_aprl13_2011\Vlab\prop1\100_4513.jpg --> mailer /users/web_aero/alok/vlab_aprl13_2011/Vlab/prop1 100_4513.jpg
2011.04.17 09:44 B D:\vlab_aprl13_2011\Vlab\prop1\100_4513.swf --> mailer /users/web_aero/alok/vlab_aprl13_2011/Vlab/prop1 100_4513.swf
2011.04.17 09:44 B D:\vlab_aprl13_2011\Vlab\prop1\ap.html --> mailer /users/web_aero/alok/vlab_aprl13_2011/Vlab/prop1 ap.html
2011.04.17 09:44 B D:\vlab_aprl13_2011\Vlab\prop1\appendix.html --> mailer /users/web_aero/alok/vlab_aprl13_2011/Vlab/prop1 appendix.html
2011.04.17 09:44 B D:\vlab_aprl13_2011\Vlab\prop1\appendix_clip_image002.png --> mailer /users/web_aero/alok/vlab_aprl13_2011/Vlab/prop1 appendix_clip_image002.png
2011.04.17 09:44 B D:\vlab_aprl13_2011\Vlab\prop1\appendix_clip_image002_0000.png --> mailer /users/web_aero/alok/vlab_aprl13_2011/Vlab/prop1 appendix_clip_image002_0000.png
2011.04.17 09:44 B D:\vlab_aprl13_2011\Vlab\prop1\appendix_clip_image004.png --> mailer /users/web_aero/alok/vlab_aprl13_2011/Vlab/prop1 appendix_clip_image004.png
2011.04.17 09:44 B D:\vlab_aprl13_2011\Vlab\prop1\appendix_clip_image006.png --> mailer /users/web_aero/alok/vlab_aprl13_2011/Vlab/prop1 appendix_clip_image006.png
2011.04.17 09:44 B D:\vlab_aprl13_2011\Vlab\prop1\appendix_clip_image006_0000.png --> mailer /users/web_aero/alok/vlab_aprl13_2011/Vlab/prop1 appendix_clip_image006_0000.png
2011.04.17 09:44 B D:\vlab_aprl13_2011\Vlab\prop1\banner.jpg --> mailer /users/web_aero/alok/vlab_aprl13_2011/Vlab/prop1 banner.jpg
2011.04.17 09:44 B D:\vlab_aprl13_2011\Vlab\prop1\banner2.jpg --> mailer /users/web_aero/alok/vlab_aprl13_2011/Vlab/prop1 banner2.jpg
2011.04.17 09:44 B D:\vlab_aprl13_2011\Vlab\prop1\BTP Presentation copy.pptx --> mailer /users/web_aero/alok/vlab_aprl13_2011/Vlab/prop1 BTP Presentation copy.pptx
2011.04.17 09:44 B D:\vlab_aprl13_2011\Vlab\prop1\BTP Report copy.docx --> mailer /users/web_aero/alok/vlab_aprl13_2011/Vlab/prop1 BTP Report copy.docx
2011.04.17 09:44 B D:\vlab_aprl13_2011\Vlab\prop1\exmplmenu_var.js --> mailer /users/web_aero/alok/vlab_aprl13_2011/Vlab/prop1 exmplmenu_var.js
2011.04.17 09:44 B D:\vlab_aprl13_2011\Vlab\prop1\expt1.html --> mailer /users/web_aero/alok/vlab_aprl13_2011/Vlab/prop1 expt1.html
2011.04.17 09:44 B D:\vlab_aprl13_2011\Vlab\prop1\expt10.html --> mailer /users/web_aero/alok/vlab_aprl13_2011/Vlab/prop1 expt10.html
2011.04.17 09:44 B D:\vlab_aprl13_2011\Vlab\prop1\fig4.jpg --> mailer /users/web_aero/alok/vlab_aprl13_2011/Vlab/prop1 fig4.jpg
2011.04.17 09:44 B D:\vlab_aprl13_2011\Vlab\prop1\intro.html --> mailer /users/web_aero/alok/vlab_aprl13_2011/Vlab/prop1 intro.html
2011.04.17 09:44 B D:\vlab_aprl13_2011\Vlab\prop1\menu_com.js --> mailer /users/web_aero/alok/vlab_aprl13_2011/Vlab/prop1 menu_com.js
2011.04.17 09:44 B D:\vlab_aprl13_2011\Vlab\prop1\mov1.htm --> mailer /users/web_aero/alok/vlab_aprl13_2011/Vlab/prop1 mov1.htm
2011.04.17 09:44 B D:\vlab_aprl13_2011\Vlab\prop1\mov2.htm --> mailer /users/web_aero/alok/vlab_aprl13_2011/Vlab/prop1 mov2.htm
2011.04.17 09:44 B D:\vlab_aprl13_2011\Vlab\prop1\object.html --> mailer /users/web_aero/alok/vlab_aprl13_2011/Vlab/prop1 object.html
2011.04.17 09:44 B D:\vlab_aprl13_2011\Vlab\prop1\plot1.jpg --> mailer /users/web_aero/alok/vlab_aprl13_2011/Vlab/prop1 plot1.jpg
2011.04.17 09:44 B D:\vlab_aprl13_2011\Vlab\prop1\plot2.jpg --> mailer /users/web_aero/alok/vlab_aprl13_2011/Vlab/prop1 plot2.jpg
2011.04.17 09:44 B D:\vlab_aprl13_2011\Vlab\prop1\plot3.jpg --> mailer /users/web_aero/alok/vlab_aprl13_2011/Vlab/prop1 plot3.jpg
2011.04.17 09:44 B D:\vlab_aprl13_2011\Vlab\prop1\propulsion.docx --> mailer /users/web_aero/alok/vlab_aprl13_2011/Vlab/prop1 propulsion.docx
2011.04.17 09:44 B D:\vlab_aprl13_2011\Vlab\prop1\results.html --> mailer /users/web_aero/alok/vlab_aprl13_2011/Vlab/prop1 results.html
2011.04.17 09:44 B D:\vlab_aprl13_2011\Vlab\prop1\results_clip_image002.gif --> mailer /users/web_aero/alok/vlab_aprl13_2011/Vlab/prop1 results_clip_image002.gif
2011.04.17 09:44 B D:\vlab_aprl13_2011\Vlab\prop1\results_clip_image002_0000.gif --> mailer /users/web_aero/alok/vlab_aprl13_2011/Vlab/prop1 results_clip_image002_0000.gif
2011.04.17 09:44 B D:\vlab_aprl13_2011\Vlab\prop1\results_clip_image002_0001.gif --> mailer /users/web_aero/alok/vlab_aprl13_2011/Vlab/prop1 results_clip_image002_0001.gif
2011.04.17 09:44 B D:\vlab_aprl13_2011\Vlab\prop1\results_clip_image002_0002.gif --> mailer /users/web_aero/alok/vlab_aprl13_2011/Vlab/prop1 results_clip_image002_0002.gif
2011.04.17 09:44 B D:\vlab_aprl13_2011\Vlab\prop1\results_clip_image004.gif --> mailer /users/web_aero/alok/vlab_aprl13_2011/Vlab/prop1 results_clip_image004.gif
2011.04.17 09:44 B D:\vlab_aprl13_2011\Vlab\prop1\results_clip_image004_0000.gif --> mailer /users/web_aero/alok/vlab_aprl13_2011/Vlab/prop1 results_clip_image004_0000.gif
2011.04.17 09:44 B D:\vlab_aprl13_2011\Vlab\prop1\results_clip_image006.gif --> mailer /users/web_aero/alok/vlab_aprl13_2011/Vlab/prop1 results_clip_image006.gif
2011.04.17 09:44 B D:\vlab_aprl13_2011\Vlab\prop1\results_clip_image006_0000.gif --> mailer /users/web_aero/alok/vlab_aprl13_2011/Vlab/prop1 results_clip_image006_0000.gif
2011.04.17 09:44 B D:\vlab_aprl13_2011\Vlab\prop1\results_clip_image008.gif --> mailer /users/web_aero/alok/vlab_aprl13_2011/Vlab/prop1 results_clip_image008.gif
2011.04.17 09:44 B D:\vlab_aprl13_2011\Vlab\prop1\results_clip_image010.gif --> mailer /users/web_aero/alok/vlab_aprl13_2011/Vlab/prop1 results_clip_image010.gif
2011.04.17 09:44 B D:\vlab_aprl13_2011\Vlab\prop1\results_clip_image012.gif --> mailer /users/web_aero/alok/vlab_aprl13_2011/Vlab/prop1 results_clip_image012.gif
2011.04.17 09:44 B D:\vlab_aprl13_2011\Vlab\prop1\results_clip_image014.gif --> mailer /users/web_aero/alok/vlab_aprl13_2011/Vlab/prop1 results_clip_image014.gif
2011.04.17 09:44 B D:\vlab_aprl13_2011\Vlab\prop1\results_clip_image014_0000.gif --> mailer /users/web_aero/alok/vlab_aprl13_2011/Vlab/prop1 results_clip_image014_0000.gif
2011.04.17 09:44 B D:\vlab_aprl13_2011\Vlab\prop1\schem.jpg --> mailer /users/web_aero/alok/vlab_aprl13_2011/Vlab/prop1 schem.jpg
2011.04.17 09:44 B D:\vlab_aprl13_2011\Vlab\prop1\test.html --> mailer /users/web_aero/alok/vlab_aprl13_2011/Vlab/prop1 test.html
2011.04.17 09:44 B D:\vlab_aprl13_2011\Vlab\prop1\Thumbs.db --> mailer /users/web_aero/alok/vlab_aprl13_2011/Vlab/prop1 Thumbs.db
2011.04.17 09:44 B D:\vlab_aprl13_2011\Vlab\prop1\torque.jpg --> mailer /users/web_aero/alok/vlab_aprl13_2011/Vlab/prop1 torque.jpg
2011.04.18 07:17 B D:\alok\junk\Vlab\prop1\WS_FTP.LOG <-- Ipswitch /users/web_aero/alok/vlab_aprl13_2011/Vlab/prop1 WS_FTP.LOG
2011.04.18 07:17 B D:\alok\junk\Vlab\prop1\XCS-062.jpg <-- Ipswitch /users/web_aero/alok/vlab_aprl13_2011/Vlab/prop1 XCS-062.jpg
2011.04.18 07:17 B D:\alok\junk\Vlab\prop1\~$opulsion.docx <-- Ipswitch /users/web_aero/alok/vlab_aprl13_2011/Vlab/prop1 ~$opulsion.docx
2011.04.18 07:20 B D:\alok\junk\Vlab\prop1\100_4508.JPG --> mailer /users/web_aero/Vlab/prop1 100_4508.JPG
2011.04.18 07:20 B D:\alok\junk\Vlab\prop1\100_4509.JPG --> mailer /users/web_aero/Vlab/prop1 100_4509.JPG
2011.04.18 07:20 B D:\alok\junk\Vlab\prop1\100_4510.JPG --> mailer /users/web_aero/Vlab/prop1 100_4510.JPG
2011.04.18 07:20 B D:\alok\junk\Vlab\prop1\100_4511.JPG --> mailer /users/web_aero/Vlab/prop1 100_4511.JPG
2011.04.18 07:20 B D:\alok\junk\Vlab\prop1\100_4512.flv --> mailer /users/web_aero/Vlab/prop1 100_4512.flv
2011.04.18 07:20 B D:\alok\junk\Vlab\prop1\100_4512.htm --> mailer /users/web_aero/Vlab/prop1 100_4512.htm
2011.04.18 07:20 B D:\alok\junk\Vlab\prop1\100_4512.jpg --> mailer /users/web_aero/Vlab/prop1 100_4512.jpg
2011.04.18 07:20 B D:\alok\junk\Vlab\prop1\100_4512.swf --> mailer /users/web_aero/Vlab/prop1 100_4512.swf
2011.04.18 07:20 B D:\alok\junk\Vlab\prop1\100_4513.flv --> mailer /users/web_aero/Vlab/prop1 100_4513.flv
2011.04.18 07:20 B D:\alok\junk\Vlab\prop1\100_4513.htm --> mailer /users/web_aero/Vlab/prop1 100_4513.htm
2011.04.18 07:20 B D:\alok\junk\Vlab\prop1\100_4513.jpg --> mailer /users/web_aero/Vlab/prop1 100_4513.jpg
2011.04.18 07:20 B D:\alok\junk\Vlab\prop1\100_4513.swf --> mailer /users/web_aero/Vlab/prop1 100_4513.swf
2011.04.18 07:20 B D:\alok\junk\Vlab\prop1\ap.html --> mailer /users/web_aero/Vlab/prop1 ap.html
2011.04.18 07:20 B D:\alok\junk\Vlab\prop1\appendix.html --> mailer /users/web_aero/Vlab/prop1 appendix.html
2011.04.18 07:20 B D:\alok\junk\Vlab\prop1\appendix_clip_image002.png --> mailer /users/web_aero/Vlab/prop1 appendix_clip_image002.png
2011.04.18 07:20 B D:\alok\junk\Vlab\prop1\appendix_clip_image002_0000.png --> mailer /users/web_aero/Vlab/prop1 appendix_clip_image002_0000.png
2011.04.18 07:20 B D:\alok\junk\Vlab\prop1\appendix_clip_image004.png --> mailer /users/web_aero/Vlab/prop1 appendix_clip_image004.png
2011.04.18 07:20 B D:\alok\junk\Vlab\prop1\appendix_clip_image006.png --> mailer /users/web_aero/Vlab/prop1 appendix_clip_image006.png
2011.04.18 07:20 B D:\alok\junk\Vlab\prop1\appendix_clip_image006_0000.png --> mailer /users/web_aero/Vlab/prop1 appendix_clip_image006_0000.png
2011.04.18 07:20 B D:\alok\junk\Vlab\prop1\banner.jpg --> mailer /users/web_aero/Vlab/prop1 banner.jpg
2011.04.18 07:20 B D:\alok\junk\Vlab\prop1\banner2.jpg --> mailer /users/web_aero/Vlab/prop1 banner2.jpg
2011.04.18 07:20 B D:\alok\junk\Vlab\prop1\BTP Presentation copy.pptx --> mailer /users/web_aero/Vlab/prop1 BTP Presentation copy.pptx
2011.04.18 07:20 B D:\alok\junk\Vlab\prop1\BTP Report copy.docx --> mailer /users/web_aero/Vlab/prop1 BTP Report copy.docx
2011.04.18 07:20 B D:\alok\junk\Vlab\prop1\exmplmenu_var.js --> mailer /users/web_aero/Vlab/prop1 exmplmenu_var.js
2011.04.18 07:20 B D:\alok\junk\Vlab\prop1\expt1.html --> mailer /users/web_aero/Vlab/prop1 expt1.html
2011.04.18 07:20 B D:\alok\junk\Vlab\prop1\expt10.html --> mailer /users/web_aero/Vlab/prop1 expt10.html
2011.04.18 07:20 B D:\alok\junk\Vlab\prop1\fig4.jpg --> mailer /users/web_aero/Vlab/prop1 fig4.jpg
2011.04.18 07:20 B D:\alok\junk\Vlab\prop1\intro.html --> mailer /users/web_aero/Vlab/prop1 intro.html
2011.04.18 07:20 B D:\alok\junk\Vlab\prop1\menu_com.js --> mailer /users/web_aero/Vlab/prop1 menu_com.js
2011.04.18 07:20 B D:\alok\junk\Vlab\prop1\mov1.htm --> mailer /users/web_aero/Vlab/prop1 mov1.htm
2011.04.18 07:20 B D:\alok\junk\Vlab\prop1\mov2.htm --> mailer /users/web_aero/Vlab/prop1 mov2.htm
2011.04.18 07:20 B D:\alok\junk\Vlab\prop1\object.html --> mailer /users/web_aero/Vlab/prop1 object.html
2011.04.18 07:20 B D:\alok\junk\Vlab\prop1\plot1.jpg --> mailer /users/web_aero/Vlab/prop1 plot1.jpg
2011.04.18 07:20 B D:\alok\junk\Vlab\prop1\plot2.jpg --> mailer /users/web_aero/Vlab/prop1 plot2.jpg
2011.04.18 07:20 B D:\alok\junk\Vlab\prop1\plot3.jpg --> mailer /users/web_aero/Vlab/prop1 plot3.jpg
2011.04.18 07:20 B D:\alok\junk\Vlab\prop1\propulsion.docx --> mailer /users/web_aero/Vlab/prop1 propulsion.docx
2011.04.18 07:20 B D:\alok\junk\Vlab\prop1\results.html --> mailer /users/web_aero/Vlab/prop1 results.html
2011.04.18 07:20 B D:\alok\junk\Vlab\prop1\results_clip_image002.gif --> mailer /users/web_aero/Vlab/prop1 results_clip_image002.gif
2011.04.18 07:20 B D:\alok\junk\Vlab\prop1\results_clip_image002_0000.gif --> mailer /users/web_aero/Vlab/prop1 results_clip_image002_0000.gif
2011.04.18 07:20 B D:\alok\junk\Vlab\prop1\results_clip_image002_0001.gif --> mailer /users/web_aero/Vlab/prop1 results_clip_image002_0001.gif
2011.04.18 07:20 B D:\alok\junk\Vlab\prop1\results_clip_image002_0002.gif --> mailer /users/web_aero/Vlab/prop1 results_clip_image002_0002.gif
2011.04.18 07:20 B D:\alok\junk\Vlab\prop1\results_clip_image004.gif --> mailer /users/web_aero/Vlab/prop1 results_clip_image004.gif
2011.04.18 07:20 B D:\alok\junk\Vlab\prop1\results_clip_image004_0000.gif --> mailer /users/web_aero/Vlab/prop1 results_clip_image004_0000.gif
2011.04.18 07:20 B D:\alok\junk\Vlab\prop1\results_clip_image006.gif --> mailer /users/web_aero/Vlab/prop1 results_clip_image006.gif
2011.04.18 07:20 B D:\alok\junk\Vlab\prop1\results_clip_image006_0000.gif --> mailer /users/web_aero/Vlab/prop1 results_clip_image006_0000.gif
2011.04.18 07:20 B D:\alok\junk\Vlab\prop1\results_clip_image008.gif --> mailer /users/web_aero/Vlab/prop1 results_clip_image008.gif
2011.04.18 07:20 B D:\alok\junk\Vlab\prop1\results_clip_image010.gif --> mailer /users/web_aero/Vlab/prop1 results_clip_image010.gif
2011.04.18 07:20 B D:\alok\junk\Vlab\prop1\results_clip_image012.gif --> mailer /users/web_aero/Vlab/prop1 results_clip_image012.gif
2011.04.18 07:20 B D:\alok\junk\Vlab\prop1\results_clip_image014.gif --> mailer /users/web_aero/Vlab/prop1 results_clip_image014.gif
2011.04.18 07:20 B D:\alok\junk\Vlab\prop1\results_clip_image014_0000.gif --> mailer /users/web_aero/Vlab/prop1 results_clip_image014_0000.gif
2011.04.18 07:20 B D:\alok\junk\Vlab\prop1\schem.jpg --> mailer /users/web_aero/Vlab/prop1 schem.jpg
2011.04.18 07:20 B D:\alok\junk\Vlab\prop1\test.html --> mailer /users/web_aero/Vlab/prop1 test.html
2011.04.18 07:20 B D:\alok\junk\Vlab\prop1\Thumbs.db --> mailer /users/web_aero/Vlab/prop1 Thumbs.db
2011.04.18 07:20 B D:\alok\junk\Vlab\prop1\torque.jpg --> mailer /users/web_aero/Vlab/prop1 torque.jpg
2011.04.18 07:20 B D:\alok\junk\Vlab\prop1\WS_FTP.LOG --> mailer /users/web_aero/Vlab/prop1 WS_FTP.LOG
2011.04.18 07:20 B D:\alok\junk\Vlab\prop1\XCS-062.jpg --> mailer /users/web_aero/Vlab/prop1 XCS-062.jpg
2011.04.18 07:20 B D:\alok\junk\Vlab\prop1\~$opulsion.docx --> mailer /users/web_aero/Vlab/prop1 ~$opulsion.docx
2011.04.18 07:48 B D:\alok\junk\Vlab\prop1\WS_FTP.LOG --> mailer /users/web_aero/Vlab/prop1 WS_FTP.LOG
2011.04.18 07:52 B D:\alok\junk\Vlab\prop1\WS_FTP.LOG --> mailer /users/web_aero/Vlab/prop1 WS_FTP.LOG
2011.09.06 17:05 B D:\vlab_aprl13_2011\Vlab\prop1\WS_FTP.LOG <-- Ipswitch /users/web_aero/Vlab/prop1 WS_FTP.LOG
2011.09.06 17:05 B D:\vlab_aprl13_2011\Vlab\prop1\~$opulsion.docx <-- Ipswitch /users/web_aero/Vlab/prop1 ~$opulsion.docx
2011.09.06 17:10 B D:\vlab_aprl13_2011\Vlab\prop1\100_4510.JPG --> mailer /users/web_aero/Vlab/prop1 100_4510.JPG
2011.09.06 17:10 B D:\vlab_aprl13_2011\Vlab\prop1\100_4511.JPG --> mailer /users/web_aero/Vlab/prop1 100_4511.JPG
2011.09.06 17:10 B D:\vlab_aprl13_2011\Vlab\prop1\appendix_clip_image002.png --> mailer /users/web_aero/Vlab/prop1 appendix_clip_image002.png
2011.09.06 17:10 B D:\vlab_aprl13_2011\Vlab\prop1\appendix_clip_image002_0000.png --> mailer /users/web_aero/Vlab/prop1 appendix_clip_image002_0000.png
2011.09.06 17:10 B D:\vlab_aprl13_2011\Vlab\prop1\appendix_clip_image004.png --> mailer /users/web_aero/Vlab/prop1 appendix_clip_image004.png
2011.09.06 17:10 B D:\vlab_aprl13_2011\Vlab\prop1\appendix_clip_image006.png --> mailer /users/web_aero/Vlab/prop1 appendix_clip_image006.png
2011.09.06 17:10 B D:\vlab_aprl13_2011\Vlab\prop1\appendix_clip_image006_0000.png --> mailer /users/web_aero/Vlab/prop1 appendix_clip_image006_0000.png
2011.09.06 17:10 B D:\vlab_aprl13_2011\Vlab\prop1\banner.jpg --> mailer /users/web_aero/Vlab/prop1 banner.jpg
2011.09.06 17:10 B D:\vlab_aprl13_2011\Vlab\prop1\banner2.jpg --> mailer /users/web_aero/Vlab/prop1 banner2.jpg
2011.09.06 17:10 B D:\vlab_aprl13_2011\Vlab\prop1\BTP Presentation copy.pptx --> mailer /users/web_aero/Vlab/prop1 BTP Presentation copy.pptx
2011.09.06 17:10 B D:\vlab_aprl13_2011\Vlab\prop1\BTP Report copy.docx --> mailer /users/web_aero/Vlab/prop1 BTP Report copy.docx
2011.09.06 17:10 B D:\vlab_aprl13_2011\Vlab\prop1\expt10.html --> mailer /users/web_aero/Vlab/prop1 expt10.html
2011.09.06 17:10 B D:\vlab_aprl13_2011\Vlab\prop1\fig4.jpg --> mailer /users/web_aero/Vlab/prop1 fig4.jpg
2011.09.06 17:10 B D:\vlab_aprl13_2011\Vlab\prop1\plot1.jpg --> mailer /users/web_aero/Vlab/prop1 plot1.jpg
2011.09.06 17:10 B D:\vlab_aprl13_2011\Vlab\prop1\plot2.jpg --> mailer /users/web_aero/Vlab/prop1 plot2.jpg
2011.09.06 17:10 B D:\vlab_aprl13_2011\Vlab\prop1\plot3.jpg --> mailer /users/web_aero/Vlab/prop1 plot3.jpg
2011.09.06 17:10 B D:\vlab_aprl13_2011\Vlab\prop1\propulsion.docx --> mailer /users/web_aero/Vlab/prop1 propulsion.docx
2011.09.06 17:10 B D:\vlab_aprl13_2011\Vlab\prop1\results_clip_image002.gif --> mailer /users/web_aero/Vlab/prop1 results_clip_image002.gif
2011.09.06 17:10 B D:\vlab_aprl13_2011\Vlab\prop1\results_clip_image002_0000.gif --> mailer /users/web_aero/Vlab/prop1 results_clip_image002_0000.gif
2011.09.06 17:10 B D:\vlab_aprl13_2011\Vlab\prop1\results_clip_image002_0001.gif --> mailer /users/web_aero/Vlab/prop1 results_clip_image002_0001.gif
2011.09.06 17:10 B D:\vlab_aprl13_2011\Vlab\prop1\results_clip_image002_0002.gif --> mailer /users/web_aero/Vlab/prop1 results_clip_image002_0002.gif
2011.09.06 17:10 B D:\vlab_aprl13_2011\Vlab\prop1\results_clip_image004.gif --> mailer /users/web_aero/Vlab/prop1 results_clip_image004.gif
2011.09.06 17:10 B D:\vlab_aprl13_2011\Vlab\prop1\results_clip_image004_0000.gif --> mailer /users/web_aero/Vlab/prop1 results_clip_image004_0000.gif
2011.09.06 17:10 B D:\vlab_aprl13_2011\Vlab\prop1\results_clip_image006.gif --> mailer /users/web_aero/Vlab/prop1 results_clip_image006.gif
2011.09.06 17:10 B D:\vlab_aprl13_2011\Vlab\prop1\results_clip_image006_0000.gif --> mailer /users/web_aero/Vlab/prop1 results_clip_image006_0000.gif
2011.09.06 17:10 B D:\vlab_aprl13_2011\Vlab\prop1\results_clip_image008.gif --> mailer /users/web_aero/Vlab/prop1 results_clip_image008.gif
2011.09.06 17:10 B D:\vlab_aprl13_2011\Vlab\prop1\results_clip_image010.gif --> mailer /users/web_aero/Vlab/prop1 results_clip_image010.gif
2011.09.06 17:10 B D:\vlab_aprl13_2011\Vlab\prop1\results_clip_image012.gif --> mailer /users/web_aero/Vlab/prop1 results_clip_image012.gif
2011.09.06 17:10 B D:\vlab_aprl13_2011\Vlab\prop1\results_clip_image014.gif --> mailer /users/web_aero/Vlab/prop1 results_clip_image014.gif
2011.09.06 17:10 B D:\vlab_aprl13_2011\Vlab\prop1\results_clip_image014_0000.gif --> mailer /users/web_aero/Vlab/prop1 results_clip_image014_0000.gif
2011.09.06 17:10 B D:\vlab_aprl13_2011\Vlab\prop1\schem.jpg --> mailer /users/web_aero/Vlab/prop1 schem.jpg
2011.09.06 17:10 B D:\vlab_aprl13_2011\Vlab\prop1\torque.jpg --> mailer /users/web_aero/Vlab/prop1 torque.jpg
