2011.04.18 07:17 B D:\alok\junk\Vlab\prop2\combustion\12.png <-- Ipswitch /users/web_aero/alok/vlab_aprl13_2011/Vlab/prop2/combustion 12.png
2011.04.18 07:17 B D:\alok\junk\Vlab\prop2\combustion\13.png <-- Ipswitch /users/web_aero/alok/vlab_aprl13_2011/Vlab/prop2/combustion 13.png
2011.04.18 07:17 B D:\alok\junk\Vlab\prop2\combustion\14.png <-- Ipswitch /users/web_aero/alok/vlab_aprl13_2011/Vlab/prop2/combustion 14.png
2011.04.18 07:17 B D:\alok\junk\Vlab\prop2\combustion\16.png <-- Ipswitch /users/web_aero/alok/vlab_aprl13_2011/Vlab/prop2/combustion 16.png
2011.04.18 07:17 B D:\alok\junk\Vlab\prop2\combustion\17.png <-- Ipswitch /users/web_aero/alok/vlab_aprl13_2011/Vlab/prop2/combustion 17.png
2011.04.18 07:17 B D:\alok\junk\Vlab\prop2\combustion\18.png <-- Ipswitch /users/web_aero/alok/vlab_aprl13_2011/Vlab/prop2/combustion 18.png
2011.04.18 07:17 B D:\alok\junk\Vlab\prop2\combustion\19.png <-- Ipswitch /users/web_aero/alok/vlab_aprl13_2011/Vlab/prop2/combustion 19.png
2011.04.18 07:17 B D:\alok\junk\Vlab\prop2\combustion\20.png <-- Ipswitch /users/web_aero/alok/vlab_aprl13_2011/Vlab/prop2/combustion 20.png
2011.04.18 07:17 B D:\alok\junk\Vlab\prop2\combustion\21.png <-- Ipswitch /users/web_aero/alok/vlab_aprl13_2011/Vlab/prop2/combustion 21.png
2011.04.18 07:17 B D:\alok\junk\Vlab\prop2\combustion\Diagram15.png <-- Ipswitch /users/web_aero/alok/vlab_aprl13_2011/Vlab/prop2/combustion Diagram15.png
2011.04.18 07:17 B D:\alok\junk\Vlab\prop2\combustion\Schematic.png <-- Ipswitch /users/web_aero/alok/vlab_aprl13_2011/Vlab/prop2/combustion Schematic.png
2011.04.18 07:17 B D:\alok\junk\Vlab\prop2\combustion\Thumbs.db <-- Ipswitch /users/web_aero/alok/vlab_aprl13_2011/Vlab/prop2/combustion Thumbs.db
2011.04.18 07:20 B D:\alok\junk\Vlab\prop2\combustion\12.png --> mailer /users/web_aero/Vlab/prop2/combustion 12.png
2011.04.18 07:20 B D:\alok\junk\Vlab\prop2\combustion\13.png --> mailer /users/web_aero/Vlab/prop2/combustion 13.png
2011.04.18 07:20 B D:\alok\junk\Vlab\prop2\combustion\14.png --> mailer /users/web_aero/Vlab/prop2/combustion 14.png
2011.04.18 07:20 B D:\alok\junk\Vlab\prop2\combustion\16.png --> mailer /users/web_aero/Vlab/prop2/combustion 16.png
2011.04.18 07:20 B D:\alok\junk\Vlab\prop2\combustion\17.png --> mailer /users/web_aero/Vlab/prop2/combustion 17.png
2011.04.18 07:20 B D:\alok\junk\Vlab\prop2\combustion\18.png --> mailer /users/web_aero/Vlab/prop2/combustion 18.png
2011.04.18 07:20 B D:\alok\junk\Vlab\prop2\combustion\19.png --> mailer /users/web_aero/Vlab/prop2/combustion 19.png
2011.04.18 07:20 B D:\alok\junk\Vlab\prop2\combustion\20.png --> mailer /users/web_aero/Vlab/prop2/combustion 20.png
2011.04.18 07:20 B D:\alok\junk\Vlab\prop2\combustion\21.png --> mailer /users/web_aero/Vlab/prop2/combustion 21.png
2011.04.18 07:20 B D:\alok\junk\Vlab\prop2\combustion\Diagram15.png --> mailer /users/web_aero/Vlab/prop2/combustion Diagram15.png
2011.04.18 07:20 B D:\alok\junk\Vlab\prop2\combustion\Schematic.png --> mailer /users/web_aero/Vlab/prop2/combustion Schematic.png
2011.04.18 07:20 B D:\alok\junk\Vlab\prop2\combustion\Thumbs.db --> mailer /users/web_aero/Vlab/prop2/combustion Thumbs.db
2011.04.18 07:20 B D:\alok\junk\Vlab\prop2\combustion\WS_FTP.LOG --> mailer /users/web_aero/Vlab/prop2/combustion WS_FTP.LOG
2011.04.18 07:48 B D:\alok\junk\Vlab\prop2\combustion\WS_FTP.LOG --> mailer /users/web_aero/Vlab/prop2/combustion WS_FTP.LOG
2011.04.18 07:52 B D:\alok\junk\Vlab\prop2\combustion\WS_FTP.LOG --> mailer /users/web_aero/Vlab/prop2/combustion WS_FTP.LOG
2011.09.06 17:05 B D:\vlab_aprl13_2011\Vlab\prop2\combustion\WS_FTP.LOG <-- Ipswitch /users/web_aero/Vlab/prop2/combustion WS_FTP.LOG
