2011.04.18 07:17 B D:\alok\junk\Vlab\prop2\ap2.html <-- Ipswitch /users/web_aero/alok/vlab_aprl13_2011/Vlab/prop2 ap2.html
2011.04.18 07:17 B D:\alok\junk\Vlab\prop2\appendix.html <-- Ipswitch /users/web_aero/alok/vlab_aprl13_2011/Vlab/prop2 appendix.html
2011.04.18 07:17 B D:\alok\junk\Vlab\prop2\appendix2.html <-- Ipswitch /users/web_aero/alok/vlab_aprl13_2011/Vlab/prop2 appendix2.html
2011.04.18 07:17 B D:\alok\junk\Vlab\prop2\banner.jpg <-- Ipswitch /users/web_aero/alok/vlab_aprl13_2011/Vlab/prop2 banner.jpg
2011.04.18 07:17 B D:\alok\junk\Vlab\prop2\banner2.jpg <-- Ipswitch /users/web_aero/alok/vlab_aprl13_2011/Vlab/prop2 banner2.jpg
2011.04.18 07:17 B D:\alok\junk\Vlab\prop2\calculation1.PNG <-- Ipswitch /users/web_aero/alok/vlab_aprl13_2011/Vlab/prop2 calculation1.PNG
2011.04.18 07:17 B D:\alok\junk\Vlab\prop2\calculation2.PNG <-- Ipswitch /users/web_aero/alok/vlab_aprl13_2011/Vlab/prop2 calculation2.PNG
2011.04.18 07:17 B D:\alok\junk\Vlab\prop2\combustion.flv <-- Ipswitch /users/web_aero/alok/vlab_aprl13_2011/Vlab/prop2 combustion.flv
2011.04.18 07:17 B D:\alok\junk\Vlab\prop2\combustion.swf <-- Ipswitch /users/web_aero/alok/vlab_aprl13_2011/Vlab/prop2 combustion.swf
2011.04.18 07:18 B D:\alok\junk\Vlab\prop2\combustion14feb2011.flv <-- Ipswitch /users/web_aero/alok/vlab_aprl13_2011/Vlab/prop2 combustion14feb2011.flv
2011.04.18 07:18 B D:\alok\junk\Vlab\prop2\combustion_exp.flv <-- Ipswitch /users/web_aero/alok/vlab_aprl13_2011/Vlab/prop2 combustion_exp.flv
2011.04.18 07:18 B D:\alok\junk\Vlab\prop2\combustion_exp.swf <-- Ipswitch /users/web_aero/alok/vlab_aprl13_2011/Vlab/prop2 combustion_exp.swf
2011.04.18 07:18 B D:\alok\junk\Vlab\prop2\expt2.html <-- Ipswitch /users/web_aero/alok/vlab_aprl13_2011/Vlab/prop2 expt2.html
2011.04.18 07:18 B D:\alok\junk\Vlab\prop2\Graph1.png <-- Ipswitch /users/web_aero/alok/vlab_aprl13_2011/Vlab/prop2 Graph1.png
2011.04.18 07:18 B D:\alok\junk\Vlab\prop2\Graph2.png <-- Ipswitch /users/web_aero/alok/vlab_aprl13_2011/Vlab/prop2 Graph2.png
2011.04.18 07:18 B D:\alok\junk\Vlab\prop2\hilton1.jpg <-- Ipswitch /users/web_aero/alok/vlab_aprl13_2011/Vlab/prop2 hilton1.jpg
2011.04.18 07:18 B D:\alok\junk\Vlab\prop2\intro.html <-- Ipswitch /users/web_aero/alok/vlab_aprl13_2011/Vlab/prop2 intro.html
2011.04.18 07:18 B D:\alok\junk\Vlab\prop2\mov1.htm <-- Ipswitch /users/web_aero/alok/vlab_aprl13_2011/Vlab/prop2 mov1.htm
2011.04.18 07:18 B D:\alok\junk\Vlab\prop2\mov2.htm <-- Ipswitch /users/web_aero/alok/vlab_aprl13_2011/Vlab/prop2 mov2.htm
2011.04.18 07:18 B D:\alok\junk\Vlab\prop2\mov3.htm <-- Ipswitch /users/web_aero/alok/vlab_aprl13_2011/Vlab/prop2 mov3.htm
2011.04.18 07:18 B D:\alok\junk\Vlab\prop2\object.html <-- Ipswitch /users/web_aero/alok/vlab_aprl13_2011/Vlab/prop2 object.html
2011.04.18 07:18 B D:\alok\junk\Vlab\prop2\player_flv_mini.swf <-- Ipswitch /users/web_aero/alok/vlab_aprl13_2011/Vlab/prop2 player_flv_mini.swf
2011.04.18 07:18 B D:\alok\junk\Vlab\prop2\results.html <-- Ipswitch /users/web_aero/alok/vlab_aprl13_2011/Vlab/prop2 results.html
2011.04.18 07:20 B D:\alok\junk\Vlab\prop2\ap2.html --> mailer /users/web_aero/Vlab/prop2 ap2.html
2011.04.18 07:20 B D:\alok\junk\Vlab\prop2\appendix.html --> mailer /users/web_aero/Vlab/prop2 appendix.html
2011.04.18 07:20 B D:\alok\junk\Vlab\prop2\appendix2.html --> mailer /users/web_aero/Vlab/prop2 appendix2.html
2011.04.18 07:20 B D:\alok\junk\Vlab\prop2\banner.jpg --> mailer /users/web_aero/Vlab/prop2 banner.jpg
2011.04.18 07:20 B D:\alok\junk\Vlab\prop2\banner2.jpg --> mailer /users/web_aero/Vlab/prop2 banner2.jpg
2011.04.18 07:20 B D:\alok\junk\Vlab\prop2\calculation1.PNG --> mailer /users/web_aero/Vlab/prop2 calculation1.PNG
2011.04.18 07:21 B D:\alok\junk\Vlab\prop2\calculation2.PNG --> mailer /users/web_aero/Vlab/prop2 calculation2.PNG
2011.04.18 07:21 B D:\alok\junk\Vlab\prop2\combustion.flv --> mailer /users/web_aero/Vlab/prop2 combustion.flv
2011.04.18 07:21 B D:\alok\junk\Vlab\prop2\combustion.swf --> mailer /users/web_aero/Vlab/prop2 combustion.swf
2011.04.18 07:21 B D:\alok\junk\Vlab\prop2\combustion14feb2011.flv --> mailer /users/web_aero/Vlab/prop2 combustion14feb2011.flv
2011.04.18 07:21 B D:\alok\junk\Vlab\prop2\combustion_exp.flv --> mailer /users/web_aero/Vlab/prop2 combustion_exp.flv
2011.04.18 07:21 B D:\alok\junk\Vlab\prop2\combustion_exp.swf --> mailer /users/web_aero/Vlab/prop2 combustion_exp.swf
2011.04.18 07:21 B D:\alok\junk\Vlab\prop2\expt2.html --> mailer /users/web_aero/Vlab/prop2 expt2.html
2011.04.18 07:21 B D:\alok\junk\Vlab\prop2\Graph1.png --> mailer /users/web_aero/Vlab/prop2 Graph1.png
2011.04.18 07:21 B D:\alok\junk\Vlab\prop2\Graph2.png --> mailer /users/web_aero/Vlab/prop2 Graph2.png
2011.04.18 07:21 B D:\alok\junk\Vlab\prop2\hilton1.jpg --> mailer /users/web_aero/Vlab/prop2 hilton1.jpg
2011.04.18 07:21 B D:\alok\junk\Vlab\prop2\intro.html --> mailer /users/web_aero/Vlab/prop2 intro.html
2011.04.18 07:21 B D:\alok\junk\Vlab\prop2\mov1.htm --> mailer /users/web_aero/Vlab/prop2 mov1.htm
2011.04.18 07:21 B D:\alok\junk\Vlab\prop2\mov2.htm --> mailer /users/web_aero/Vlab/prop2 mov2.htm
2011.04.18 07:21 B D:\alok\junk\Vlab\prop2\mov3.htm --> mailer /users/web_aero/Vlab/prop2 mov3.htm
2011.04.18 07:21 B D:\alok\junk\Vlab\prop2\object.html --> mailer /users/web_aero/Vlab/prop2 object.html
2011.04.18 07:21 B D:\alok\junk\Vlab\prop2\player_flv_mini.swf --> mailer /users/web_aero/Vlab/prop2 player_flv_mini.swf
2011.04.18 07:21 B D:\alok\junk\Vlab\prop2\results.html --> mailer /users/web_aero/Vlab/prop2 results.html
2011.04.18 07:21 B D:\alok\junk\Vlab\prop2\WS_FTP.LOG --> mailer /users/web_aero/Vlab/prop2 WS_FTP.LOG
2011.04.18 07:48 B D:\alok\junk\Vlab\prop2\WS_FTP.LOG --> mailer /users/web_aero/Vlab/prop2 WS_FTP.LOG
2011.04.18 07:52 B D:\alok\junk\Vlab\prop2\WS_FTP.LOG --> mailer /users/web_aero/Vlab/prop2 WS_FTP.LOG
2011.09.06 17:05 B D:\vlab_aprl13_2011\Vlab\prop2\WS_FTP.LOG <-- Ipswitch /users/web_aero/Vlab/prop2 WS_FTP.LOG
2011.09.06 17:10 B D:\vlab_aprl13_2011\Vlab\prop2\ap2.html --> mailer /users/web_aero/Vlab/prop2 ap2.html
2011.09.06 17:10 B D:\vlab_aprl13_2011\Vlab\prop2\appendix.html --> mailer /users/web_aero/Vlab/prop2 appendix.html
2011.09.06 17:10 B D:\vlab_aprl13_2011\Vlab\prop2\appendix2.html --> mailer /users/web_aero/Vlab/prop2 appendix2.html
2011.09.06 17:10 B D:\vlab_aprl13_2011\Vlab\prop2\banner.jpg --> mailer /users/web_aero/Vlab/prop2 banner.jpg
2011.09.06 17:10 B D:\vlab_aprl13_2011\Vlab\prop2\combustion.flv --> mailer /users/web_aero/Vlab/prop2 combustion.flv
2011.09.06 17:10 B D:\vlab_aprl13_2011\Vlab\prop2\combustion.html --> mailer /users/web_aero/Vlab/prop2 combustion.html
2011.09.06 17:10 B D:\vlab_aprl13_2011\Vlab\prop2\combustion.swf --> mailer /users/web_aero/Vlab/prop2 combustion.swf
2011.09.06 17:10 B D:\vlab_aprl13_2011\Vlab\prop2\combustion14feb2011.flv --> mailer /users/web_aero/Vlab/prop2 combustion14feb2011.flv
2011.09.06 17:10 B D:\vlab_aprl13_2011\Vlab\prop2\combustion14feb2011.html --> mailer /users/web_aero/Vlab/prop2 combustion14feb2011.html
2011.09.06 17:10 B D:\vlab_aprl13_2011\Vlab\prop2\combustion14feb2011.swf --> mailer /users/web_aero/Vlab/prop2 combustion14feb2011.swf
2011.09.06 17:10 B D:\vlab_aprl13_2011\Vlab\prop2\combustion_exp.flv --> mailer /users/web_aero/Vlab/prop2 combustion_exp.flv
2011.09.06 17:10 B D:\vlab_aprl13_2011\Vlab\prop2\combustion_exp.html --> mailer /users/web_aero/Vlab/prop2 combustion_exp.html
2011.09.06 17:10 B D:\vlab_aprl13_2011\Vlab\prop2\combustion_exp.swf --> mailer /users/web_aero/Vlab/prop2 combustion_exp.swf
2011.09.06 17:10 B D:\vlab_aprl13_2011\Vlab\prop2\intro.html --> mailer /users/web_aero/Vlab/prop2 intro.html
2011.09.06 17:10 B D:\vlab_aprl13_2011\Vlab\prop2\mov1.htm --> mailer /users/web_aero/Vlab/prop2 mov1.htm
2011.09.06 17:10 B D:\vlab_aprl13_2011\Vlab\prop2\mov2.htm --> mailer /users/web_aero/Vlab/prop2 mov2.htm
2011.09.06 17:10 B D:\vlab_aprl13_2011\Vlab\prop2\mov3.htm --> mailer /users/web_aero/Vlab/prop2 mov3.htm
2011.09.06 17:10 B D:\vlab_aprl13_2011\Vlab\prop2\object.html --> mailer /users/web_aero/Vlab/prop2 object.html
2011.09.06 17:10 B D:\vlab_aprl13_2011\Vlab\prop2\results.html --> mailer /users/web_aero/Vlab/prop2 results.html
