2011.04.18 07:18 B D:\alok\junk\Vlab\str2\0001.avi <-- Ipswitch /users/web_aero/alok/vlab_aprl13_2011/Vlab/str2 0001.avi
2011.04.18 07:18 B D:\alok\junk\Vlab\str2\0001.swf <-- Ipswitch /users/web_aero/alok/vlab_aprl13_2011/Vlab/str2 0001.swf
2011.04.18 07:18 B D:\alok\junk\Vlab\str2\accelerator1.jpg <-- Ipswitch /users/web_aero/alok/vlab_aprl13_2011/Vlab/str2 accelerator1.jpg
2011.04.18 07:18 B D:\alok\junk\Vlab\str2\accelerometer.JPG <-- Ipswitch /users/web_aero/alok/vlab_aprl13_2011/Vlab/str2 accelerometer.JPG
2011.04.18 07:18 B D:\alok\junk\Vlab\str2\ap.html <-- Ipswitch /users/web_aero/alok/vlab_aprl13_2011/Vlab/str2 ap.html
2011.04.18 07:18 B D:\alok\junk\Vlab\str2\appendix.html <-- Ipswitch /users/web_aero/alok/vlab_aprl13_2011/Vlab/str2 appendix.html
2011.04.18 07:18 B D:\alok\junk\Vlab\str2\banner.jpg <-- Ipswitch /users/web_aero/alok/vlab_aprl13_2011/Vlab/str2 banner.jpg
2011.04.18 07:18 B D:\alok\junk\Vlab\str2\chargeamplifier.JPG <-- Ipswitch /users/web_aero/alok/vlab_aprl13_2011/Vlab/str2 chargeamplifier.JPG
2011.04.18 07:18 B D:\alok\junk\Vlab\str2\electrodynamicshaker.JPG <-- Ipswitch /users/web_aero/alok/vlab_aprl13_2011/Vlab/str2 electrodynamicshaker.JPG
2011.04.18 07:18 B D:\alok\junk\Vlab\str2\FFTAnalyzer.JPG <-- Ipswitch /users/web_aero/alok/vlab_aprl13_2011/Vlab/str2 FFTAnalyzer.JPG
2011.04.18 07:18 B D:\alok\junk\Vlab\str2\intro.html <-- Ipswitch /users/web_aero/alok/vlab_aprl13_2011/Vlab/str2 intro.html
2011.04.18 07:18 B D:\alok\junk\Vlab\str2\Laser.jpg <-- Ipswitch /users/web_aero/alok/vlab_aprl13_2011/Vlab/str2 Laser.jpg
2011.04.18 07:18 B D:\alok\junk\Vlab\str2\LaserDisplacementsensor.JPG <-- Ipswitch /users/web_aero/alok/vlab_aprl13_2011/Vlab/str2 LaserDisplacementsensor.JPG
2011.04.18 07:18 B D:\alok\junk\Vlab\str2\lllongitutnalstiphenedbeam.JPG <-- Ipswitch /users/web_aero/alok/vlab_aprl13_2011/Vlab/str2 lllongitutnalstiphenedbeam.JPG
2011.04.18 07:18 B D:\alok\junk\Vlab\str2\mov1.htm <-- Ipswitch /users/web_aero/alok/vlab_aprl13_2011/Vlab/str2 mov1.htm
2011.04.18 07:18 B D:\alok\junk\Vlab\str2\mov2.htm <-- Ipswitch /users/web_aero/alok/vlab_aprl13_2011/Vlab/str2 mov2.htm
2011.04.18 07:18 B D:\alok\junk\Vlab\str2\object.html <-- Ipswitch /users/web_aero/alok/vlab_aprl13_2011/Vlab/str2 object.html
2011.04.18 07:18 B D:\alok\junk\Vlab\str2\player_flv_multi.swf <-- Ipswitch /users/web_aero/alok/vlab_aprl13_2011/Vlab/str2 player_flv_multi.swf
2011.04.18 07:18 B D:\alok\junk\Vlab\str2\Poweramplifier.JPG <-- Ipswitch /users/web_aero/alok/vlab_aprl13_2011/Vlab/str2 Poweramplifier.JPG
2011.04.18 07:18 B D:\alok\junk\Vlab\str2\PXIsystem.JPG <-- Ipswitch /users/web_aero/alok/vlab_aprl13_2011/Vlab/str2 PXIsystem.JPG
2011.04.18 07:18 B D:\alok\junk\Vlab\str2\results.html <-- Ipswitch /users/web_aero/alok/vlab_aprl13_2011/Vlab/str2 results.html
2011.04.18 07:18 B D:\alok\junk\Vlab\str2\scan0002.jpg <-- Ipswitch /users/web_aero/alok/vlab_aprl13_2011/Vlab/str2 scan0002.jpg
2011.04.18 07:18 B D:\alok\junk\Vlab\str2\scan0003.jpg <-- Ipswitch /users/web_aero/alok/vlab_aprl13_2011/Vlab/str2 scan0003.jpg
2011.04.18 07:18 B D:\alok\junk\Vlab\str2\scan0004.jpg <-- Ipswitch /users/web_aero/alok/vlab_aprl13_2011/Vlab/str2 scan0004.jpg
2011.04.18 07:18 B D:\alok\junk\Vlab\str2\scan0005.jpg <-- Ipswitch /users/web_aero/alok/vlab_aprl13_2011/Vlab/str2 scan0005.jpg
2011.04.18 07:19 B D:\alok\junk\Vlab\str2\scan0006.jpg <-- Ipswitch /users/web_aero/alok/vlab_aprl13_2011/Vlab/str2 scan0006.jpg
2011.04.18 07:19 B D:\alok\junk\Vlab\str2\scan0007.jpg <-- Ipswitch /users/web_aero/alok/vlab_aprl13_2011/Vlab/str2 scan0007.jpg
2011.04.18 07:19 B D:\alok\junk\Vlab\str2\scan0008.jpg <-- Ipswitch /users/web_aero/alok/vlab_aprl13_2011/Vlab/str2 scan0008.jpg
2011.04.18 07:19 B D:\alok\junk\Vlab\str2\SignalConditioner.JPG <-- Ipswitch /users/web_aero/alok/vlab_aprl13_2011/Vlab/str2 SignalConditioner.JPG
2011.04.18 07:19 B D:\alok\junk\Vlab\str2\signalconditor.JPG <-- Ipswitch /users/web_aero/alok/vlab_aprl13_2011/Vlab/str2 signalconditor.JPG
2011.04.18 07:19 B D:\alok\junk\Vlab\str2\structure2.flv <-- Ipswitch /users/web_aero/alok/vlab_aprl13_2011/Vlab/str2 structure2.flv
2011.04.18 07:19 B D:\alok\junk\Vlab\str2\structure2.swf <-- Ipswitch /users/web_aero/alok/vlab_aprl13_2011/Vlab/str2 structure2.swf
2011.04.18 07:19 B D:\alok\junk\Vlab\str2\structure2.wmv <-- Ipswitch /users/web_aero/alok/vlab_aprl13_2011/Vlab/str2 structure2.wmv
2011.04.18 07:19 B D:\alok\junk\Vlab\str2\structure2.xml <-- Ipswitch /users/web_aero/alok/vlab_aprl13_2011/Vlab/str2 structure2.xml
2011.04.18 07:19 B D:\alok\junk\Vlab\str2\transerversestiphenedbeam.JPG <-- Ipswitch /users/web_aero/alok/vlab_aprl13_2011/Vlab/str2 transerversestiphenedbeam.JPG
2011.04.18 07:19 B D:\alok\junk\Vlab\str2\unstiphenedbeam.JPG <-- Ipswitch /users/web_aero/alok/vlab_aprl13_2011/Vlab/str2 unstiphenedbeam.JPG
2011.04.18 07:19 B D:\alok\junk\Vlab\str2\vibration.png <-- Ipswitch /users/web_aero/alok/vlab_aprl13_2011/Vlab/str2 vibration.png
2011.04.18 07:19 B D:\alok\junk\Vlab\str2\vibrationUnit.JPG <-- Ipswitch /users/web_aero/alok/vlab_aprl13_2011/Vlab/str2 vibrationUnit.JPG
2011.04.18 07:19 B D:\alok\junk\Vlab\str2\vinod_1.MOV <-- Ipswitch /users/web_aero/alok/vlab_aprl13_2011/Vlab/str2 vinod_1.MOV
2011.04.18 07:48 B D:\alok\junk\Vlab\str2\0001.avi --> mailer /users/web_aero/Vlab/str2 0001.avi
2011.04.18 07:49 B D:\alok\junk\Vlab\str2\0001.swf --> mailer /users/web_aero/Vlab/str2 0001.swf
2011.04.18 07:49 B D:\alok\junk\Vlab\str2\accelerator1.jpg --> mailer /users/web_aero/Vlab/str2 accelerator1.jpg
2011.04.18 07:49 B D:\alok\junk\Vlab\str2\accelerometer.JPG --> mailer /users/web_aero/Vlab/str2 accelerometer.JPG
2011.04.18 07:49 B D:\alok\junk\Vlab\str2\ap.html --> mailer /users/web_aero/Vlab/str2 ap.html
2011.04.18 07:49 B D:\alok\junk\Vlab\str2\appendix.html --> mailer /users/web_aero/Vlab/str2 appendix.html
2011.04.18 07:49 B D:\alok\junk\Vlab\str2\banner.jpg --> mailer /users/web_aero/Vlab/str2 banner.jpg
2011.04.18 07:49 B D:\alok\junk\Vlab\str2\chargeamplifier.JPG --> mailer /users/web_aero/Vlab/str2 chargeamplifier.JPG
2011.04.18 07:49 B D:\alok\junk\Vlab\str2\electrodynamicshaker.JPG --> mailer /users/web_aero/Vlab/str2 electrodynamicshaker.JPG
2011.04.18 07:49 B D:\alok\junk\Vlab\str2\FFTAnalyzer.JPG --> mailer /users/web_aero/Vlab/str2 FFTAnalyzer.JPG
2011.04.18 07:49 B D:\alok\junk\Vlab\str2\intro.html --> mailer /users/web_aero/Vlab/str2 intro.html
2011.04.18 07:49 B D:\alok\junk\Vlab\str2\Laser.jpg --> mailer /users/web_aero/Vlab/str2 Laser.jpg
2011.04.18 07:49 B D:\alok\junk\Vlab\str2\LaserDisplacementsensor.JPG --> mailer /users/web_aero/Vlab/str2 LaserDisplacementsensor.JPG
2011.04.18 07:49 B D:\alok\junk\Vlab\str2\lllongitutnalstiphenedbeam.JPG --> mailer /users/web_aero/Vlab/str2 lllongitutnalstiphenedbeam.JPG
2011.04.18 07:49 B D:\alok\junk\Vlab\str2\mov1.htm --> mailer /users/web_aero/Vlab/str2 mov1.htm
2011.04.18 07:49 B D:\alok\junk\Vlab\str2\mov2.htm --> mailer /users/web_aero/Vlab/str2 mov2.htm
2011.04.18 07:49 B D:\alok\junk\Vlab\str2\object.html --> mailer /users/web_aero/Vlab/str2 object.html
2011.04.18 07:49 B D:\alok\junk\Vlab\str2\player_flv_multi.swf --> mailer /users/web_aero/Vlab/str2 player_flv_multi.swf
2011.04.18 07:49 B D:\alok\junk\Vlab\str2\Poweramplifier.JPG --> mailer /users/web_aero/Vlab/str2 Poweramplifier.JPG
2011.04.18 07:49 B D:\alok\junk\Vlab\str2\PXIsystem.JPG --> mailer /users/web_aero/Vlab/str2 PXIsystem.JPG
2011.04.18 07:49 B D:\alok\junk\Vlab\str2\results.html --> mailer /users/web_aero/Vlab/str2 results.html
2011.04.18 07:49 B D:\alok\junk\Vlab\str2\scan0002.jpg --> mailer /users/web_aero/Vlab/str2 scan0002.jpg
2011.04.18 07:49 B D:\alok\junk\Vlab\str2\scan0003.jpg --> mailer /users/web_aero/Vlab/str2 scan0003.jpg
2011.04.18 07:49 B D:\alok\junk\Vlab\str2\scan0004.jpg --> mailer /users/web_aero/Vlab/str2 scan0004.jpg
2011.04.18 07:49 B D:\alok\junk\Vlab\str2\scan0005.jpg --> mailer /users/web_aero/Vlab/str2 scan0005.jpg
2011.04.18 07:49 B D:\alok\junk\Vlab\str2\scan0006.jpg --> mailer /users/web_aero/Vlab/str2 scan0006.jpg
2011.04.18 07:49 B D:\alok\junk\Vlab\str2\scan0007.jpg --> mailer /users/web_aero/Vlab/str2 scan0007.jpg
2011.04.18 07:49 B D:\alok\junk\Vlab\str2\scan0008.jpg --> mailer /users/web_aero/Vlab/str2 scan0008.jpg
2011.04.18 07:49 B D:\alok\junk\Vlab\str2\SignalConditioner.JPG --> mailer /users/web_aero/Vlab/str2 SignalConditioner.JPG
2011.04.18 07:49 B D:\alok\junk\Vlab\str2\signalconditor.JPG --> mailer /users/web_aero/Vlab/str2 signalconditor.JPG
2011.04.18 07:51 B D:\alok\junk\Vlab\str2\structure2.flv --> mailer /users/web_aero/Vlab/str2 structure2.flv
2011.04.18 07:52 B D:\alok\junk\Vlab\str2\structure2.swf --> mailer /users/web_aero/Vlab/str2 structure2.swf
2011.04.18 07:52 B D:\alok\junk\Vlab\str2\structure2.wmv --> mailer /users/web_aero/Vlab/str2 structure2.wmv
2011.04.18 07:52 B D:\alok\junk\Vlab\str2\structure2.xml --> mailer /users/web_aero/Vlab/str2 structure2.xml
2011.04.18 07:52 B D:\alok\junk\Vlab\str2\transerversestiphenedbeam.JPG --> mailer /users/web_aero/Vlab/str2 transerversestiphenedbeam.JPG
2011.04.18 07:52 B D:\alok\junk\Vlab\str2\unstiphenedbeam.JPG --> mailer /users/web_aero/Vlab/str2 unstiphenedbeam.JPG
2011.04.18 07:52 B D:\alok\junk\Vlab\str2\vibration.png --> mailer /users/web_aero/Vlab/str2 vibration.png
2011.04.18 07:52 B D:\alok\junk\Vlab\str2\vibrationUnit.JPG --> mailer /users/web_aero/Vlab/str2 vibrationUnit.JPG
