2011.04.13 16:28 B D:\vlab_aprl13_2011\Vlab\prop\_notes\fig4.jpg.mno <-- Ipswitch /users/web_aero/Vlab/prop/_notes fig4.jpg.mno
2011.04.13 16:28 B D:\vlab_aprl13_2011\Vlab\prop\_notes\plot1.jpg.mno <-- Ipswitch /users/web_aero/Vlab/prop/_notes plot1.jpg.mno
2011.04.13 16:28 B D:\vlab_aprl13_2011\Vlab\prop\_notes\plot2.jpg.mno <-- Ipswitch /users/web_aero/Vlab/prop/_notes plot2.jpg.mno
2011.04.13 16:28 B D:\vlab_aprl13_2011\Vlab\prop\_notes\plot3.jpg.mno <-- Ipswitch /users/web_aero/Vlab/prop/_notes plot3.jpg.mno
2011.04.13 16:28 B D:\vlab_aprl13_2011\Vlab\prop\_notes\schem.jpg.mno <-- Ipswitch /users/web_aero/Vlab/prop/_notes schem.jpg.mno
2011.04.17 09:44 B D:\vlab_aprl13_2011\Vlab\prop1\_notes\fig4.jpg.mno --> mailer /users/web_aero/alok/vlab_aprl13_2011/Vlab/prop1/_notes fig4.jpg.mno
2011.04.17 09:44 B D:\vlab_aprl13_2011\Vlab\prop1\_notes\plot1.jpg.mno --> mailer /users/web_aero/alok/vlab_aprl13_2011/Vlab/prop1/_notes plot1.jpg.mno
2011.04.17 09:44 B D:\vlab_aprl13_2011\Vlab\prop1\_notes\plot2.jpg.mno --> mailer /users/web_aero/alok/vlab_aprl13_2011/Vlab/prop1/_notes plot2.jpg.mno
2011.04.17 09:44 B D:\vlab_aprl13_2011\Vlab\prop1\_notes\plot3.jpg.mno --> mailer /users/web_aero/alok/vlab_aprl13_2011/Vlab/prop1/_notes plot3.jpg.mno
2011.04.17 09:44 B D:\vlab_aprl13_2011\Vlab\prop1\_notes\schem.jpg.mno --> mailer /users/web_aero/alok/vlab_aprl13_2011/Vlab/prop1/_notes schem.jpg.mno
2011.04.18 07:17 B D:\alok\junk\Vlab\prop1\_notes\WS_FTP.LOG <-- Ipswitch /users/web_aero/alok/vlab_aprl13_2011/Vlab/prop1/_notes WS_FTP.LOG
2011.04.18 07:20 B D:\alok\junk\Vlab\prop1\_notes\fig4.jpg.mno --> mailer /users/web_aero/Vlab/prop1/_notes fig4.jpg.mno
2011.04.18 07:20 B D:\alok\junk\Vlab\prop1\_notes\plot1.jpg.mno --> mailer /users/web_aero/Vlab/prop1/_notes plot1.jpg.mno
2011.04.18 07:20 B D:\alok\junk\Vlab\prop1\_notes\plot2.jpg.mno --> mailer /users/web_aero/Vlab/prop1/_notes plot2.jpg.mno
2011.04.18 07:20 B D:\alok\junk\Vlab\prop1\_notes\plot3.jpg.mno --> mailer /users/web_aero/Vlab/prop1/_notes plot3.jpg.mno
2011.04.18 07:20 B D:\alok\junk\Vlab\prop1\_notes\schem.jpg.mno --> mailer /users/web_aero/Vlab/prop1/_notes schem.jpg.mno
2011.04.18 07:20 B D:\alok\junk\Vlab\prop1\_notes\WS_FTP.LOG --> mailer /users/web_aero/Vlab/prop1/_notes WS_FTP.LOG
2011.04.18 07:48 B D:\alok\junk\Vlab\prop1\_notes\WS_FTP.LOG --> mailer /users/web_aero/Vlab/prop1/_notes WS_FTP.LOG
2011.04.18 07:52 B D:\alok\junk\Vlab\prop1\_notes\WS_FTP.LOG --> mailer /users/web_aero/Vlab/prop1/_notes WS_FTP.LOG
2011.09.06 17:05 B D:\vlab_aprl13_2011\Vlab\prop1\_notes\WS_FTP.LOG <-- Ipswitch /users/web_aero/Vlab/prop1/_notes WS_FTP.LOG
2011.09.06 17:10 B D:\vlab_aprl13_2011\Vlab\prop1\_notes\fig4.jpg.mno --> mailer /users/web_aero/Vlab/prop1/_notes fig4.jpg.mno
2011.09.06 17:10 B D:\vlab_aprl13_2011\Vlab\prop1\_notes\plot1.jpg.mno --> mailer /users/web_aero/Vlab/prop1/_notes plot1.jpg.mno
2011.09.06 17:10 B D:\vlab_aprl13_2011\Vlab\prop1\_notes\plot2.jpg.mno --> mailer /users/web_aero/Vlab/prop1/_notes plot2.jpg.mno
2011.09.06 17:10 B D:\vlab_aprl13_2011\Vlab\prop1\_notes\plot3.jpg.mno --> mailer /users/web_aero/Vlab/prop1/_notes plot3.jpg.mno
2011.09.06 17:10 B D:\vlab_aprl13_2011\Vlab\prop1\_notes\schem.jpg.mno --> mailer /users/web_aero/Vlab/prop1/_notes schem.jpg.mno
