2011.04.17 09:44 B D:\vlab_aprl13_2011\Vlab\aerod1\images\banner.jpg --> mailer /users/web_aero/alok/vlab_aprl13_2011/Vlab/aerod1/images banner.jpg
2011.04.17 09:44 B D:\vlab_aprl13_2011\Vlab\aerod1\images\banner.PNG --> mailer /users/web_aero/alok/vlab_aprl13_2011/Vlab/aerod1/images banner.PNG
2011.04.17 09:44 B D:\vlab_aprl13_2011\Vlab\aerod1\images\banner2.jpg --> mailer /users/web_aero/alok/vlab_aprl13_2011/Vlab/aerod1/images banner2.jpg
2011.04.17 09:44 B D:\vlab_aprl13_2011\Vlab\aerod1\images\banner2.PNG --> mailer /users/web_aero/alok/vlab_aprl13_2011/Vlab/aerod1/images banner2.PNG
2011.04.17 09:44 B D:\vlab_aprl13_2011\Vlab\aerod1\images\intro_clip_image003.gif --> mailer /users/web_aero/alok/vlab_aprl13_2011/Vlab/aerod1/images intro_clip_image003.gif
2011.04.17 09:44 B D:\vlab_aprl13_2011\Vlab\aerod1\images\intro_clip_image004.gif --> mailer /users/web_aero/alok/vlab_aprl13_2011/Vlab/aerod1/images intro_clip_image004.gif
2011.04.17 09:44 B D:\vlab_aprl13_2011\Vlab\aerod1\images\Laeding_edge.JPG --> mailer /users/web_aero/alok/vlab_aprl13_2011/Vlab/aerod1/images Laeding_edge.JPG
2011.04.17 09:44 B D:\vlab_aprl13_2011\Vlab\aerod1\images\Leading_edge.PNG --> mailer /users/web_aero/alok/vlab_aprl13_2011/Vlab/aerod1/images Leading_edge.PNG
2011.04.17 09:44 B D:\vlab_aprl13_2011\Vlab\aerod1\images\line.png --> mailer /users/web_aero/alok/vlab_aprl13_2011/Vlab/aerod1/images line.png
2011.04.17 09:44 B D:\vlab_aprl13_2011\Vlab\aerod1\images\list.PNG --> mailer /users/web_aero/alok/vlab_aprl13_2011/Vlab/aerod1/images list.PNG
2011.04.17 09:44 B D:\vlab_aprl13_2011\Vlab\aerod1\images\plot1.jpg --> mailer /users/web_aero/alok/vlab_aprl13_2011/Vlab/aerod1/images plot1.jpg
2011.04.17 09:44 B D:\vlab_aprl13_2011\Vlab\aerod1\images\plot2.jpg --> mailer /users/web_aero/alok/vlab_aprl13_2011/Vlab/aerod1/images plot2.jpg
2011.04.17 09:44 B D:\vlab_aprl13_2011\Vlab\aerod1\images\str1.jpg --> mailer /users/web_aero/alok/vlab_aprl13_2011/Vlab/aerod1/images str1.jpg
2011.04.17 09:44 B D:\vlab_aprl13_2011\Vlab\aerod1\images\str2.jpg --> mailer /users/web_aero/alok/vlab_aprl13_2011/Vlab/aerod1/images str2.jpg
2011.04.17 09:44 B D:\vlab_aprl13_2011\Vlab\aerod1\images\str3.jpg --> mailer /users/web_aero/alok/vlab_aprl13_2011/Vlab/aerod1/images str3.jpg
2011.04.17 09:44 B D:\vlab_aprl13_2011\Vlab\aerod1\images\tensile1.jpg --> mailer /users/web_aero/alok/vlab_aprl13_2011/Vlab/aerod1/images tensile1.jpg
2011.04.17 09:44 B D:\vlab_aprl13_2011\Vlab\aerod1\images\tensile2.jpg --> mailer /users/web_aero/alok/vlab_aprl13_2011/Vlab/aerod1/images tensile2.jpg
2011.04.17 09:44 B D:\vlab_aprl13_2011\Vlab\aerod1\images\tensile3.jpg --> mailer /users/web_aero/alok/vlab_aprl13_2011/Vlab/aerod1/images tensile3.jpg
2011.04.17 09:44 B D:\vlab_aprl13_2011\Vlab\aerod1\images\tensile4.jpg --> mailer /users/web_aero/alok/vlab_aprl13_2011/Vlab/aerod1/images tensile4.jpg
2011.04.17 09:44 B D:\vlab_aprl13_2011\Vlab\aerod1\images\tensile5.jpg --> mailer /users/web_aero/alok/vlab_aprl13_2011/Vlab/aerod1/images tensile5.jpg
2011.04.17 09:44 B D:\vlab_aprl13_2011\Vlab\aerod1\images\tensile6.jpg --> mailer /users/web_aero/alok/vlab_aprl13_2011/Vlab/aerod1/images tensile6.jpg
2011.04.17 09:44 B D:\vlab_aprl13_2011\Vlab\aerod1\images\tensile7.jpg --> mailer /users/web_aero/alok/vlab_aprl13_2011/Vlab/aerod1/images tensile7.jpg
2011.04.17 09:44 B D:\vlab_aprl13_2011\Vlab\aerod1\images\Thumbs.db --> mailer /users/web_aero/alok/vlab_aprl13_2011/Vlab/aerod1/images Thumbs.db
2011.04.17 09:44 B D:\vlab_aprl13_2011\Vlab\aerod1\images\ual1.JPG --> mailer /users/web_aero/alok/vlab_aprl13_2011/Vlab/aerod1/images ual1.JPG
2011.04.17 09:44 B D:\vlab_aprl13_2011\Vlab\aerod1\images\ual2.JPG --> mailer /users/web_aero/alok/vlab_aprl13_2011/Vlab/aerod1/images ual2.JPG
2011.04.17 09:44 B D:\vlab_aprl13_2011\Vlab\aerod1\images\ual3.JPG --> mailer /users/web_aero/alok/vlab_aprl13_2011/Vlab/aerod1/images ual3.JPG
2011.09.06 17:09 B D:\vlab_aprl13_2011\Vlab\aerod1\images\banner.jpg --> mailer /users/web_aero/Vlab/aerod1/images banner.jpg
2011.09.06 17:09 B D:\vlab_aprl13_2011\Vlab\aerod1\images\banner.PNG --> mailer /users/web_aero/Vlab/aerod1/images banner.PNG
2011.09.06 17:09 B D:\vlab_aprl13_2011\Vlab\aerod1\images\banner2.jpg --> mailer /users/web_aero/Vlab/aerod1/images banner2.jpg
2011.09.06 17:09 B D:\vlab_aprl13_2011\Vlab\aerod1\images\banner2.PNG --> mailer /users/web_aero/Vlab/aerod1/images banner2.PNG
2011.09.06 17:09 B D:\vlab_aprl13_2011\Vlab\aerod1\images\intro_clip_image003.gif --> mailer /users/web_aero/Vlab/aerod1/images intro_clip_image003.gif
2011.09.06 17:09 B D:\vlab_aprl13_2011\Vlab\aerod1\images\intro_clip_image004.gif --> mailer /users/web_aero/Vlab/aerod1/images intro_clip_image004.gif
2011.09.06 17:09 B D:\vlab_aprl13_2011\Vlab\aerod1\images\Laeding_edge.JPG --> mailer /users/web_aero/Vlab/aerod1/images Laeding_edge.JPG
2011.09.06 17:09 B D:\vlab_aprl13_2011\Vlab\aerod1\images\Leading_edge.PNG --> mailer /users/web_aero/Vlab/aerod1/images Leading_edge.PNG
2011.09.06 17:09 B D:\vlab_aprl13_2011\Vlab\aerod1\images\line.png --> mailer /users/web_aero/Vlab/aerod1/images line.png
2011.09.06 17:09 B D:\vlab_aprl13_2011\Vlab\aerod1\images\list.PNG --> mailer /users/web_aero/Vlab/aerod1/images list.PNG
2011.09.06 17:09 B D:\vlab_aprl13_2011\Vlab\aerod1\images\plot1.jpg --> mailer /users/web_aero/Vlab/aerod1/images plot1.jpg
2011.09.06 17:09 B D:\vlab_aprl13_2011\Vlab\aerod1\images\plot2.jpg --> mailer /users/web_aero/Vlab/aerod1/images plot2.jpg
2011.09.06 17:09 B D:\vlab_aprl13_2011\Vlab\aerod1\images\str1.jpg --> mailer /users/web_aero/Vlab/aerod1/images str1.jpg
2011.09.06 17:09 B D:\vlab_aprl13_2011\Vlab\aerod1\images\str2.jpg --> mailer /users/web_aero/Vlab/aerod1/images str2.jpg
2011.09.06 17:09 B D:\vlab_aprl13_2011\Vlab\aerod1\images\str3.jpg --> mailer /users/web_aero/Vlab/aerod1/images str3.jpg
2011.09.06 17:09 B D:\vlab_aprl13_2011\Vlab\aerod1\images\tensile1.jpg --> mailer /users/web_aero/Vlab/aerod1/images tensile1.jpg
2011.09.06 17:09 B D:\vlab_aprl13_2011\Vlab\aerod1\images\tensile2.jpg --> mailer /users/web_aero/Vlab/aerod1/images tensile2.jpg
2011.09.06 17:09 B D:\vlab_aprl13_2011\Vlab\aerod1\images\tensile3.jpg --> mailer /users/web_aero/Vlab/aerod1/images tensile3.jpg
2011.09.06 17:09 B D:\vlab_aprl13_2011\Vlab\aerod1\images\tensile4.jpg --> mailer /users/web_aero/Vlab/aerod1/images tensile4.jpg
2011.09.06 17:09 B D:\vlab_aprl13_2011\Vlab\aerod1\images\tensile5.jpg --> mailer /users/web_aero/Vlab/aerod1/images tensile5.jpg
2011.09.06 17:09 B D:\vlab_aprl13_2011\Vlab\aerod1\images\tensile6.jpg --> mailer /users/web_aero/Vlab/aerod1/images tensile6.jpg
2011.09.06 17:09 B D:\vlab_aprl13_2011\Vlab\aerod1\images\tensile7.jpg --> mailer /users/web_aero/Vlab/aerod1/images tensile7.jpg
2011.09.06 17:09 B D:\vlab_aprl13_2011\Vlab\aerod1\images\Thumbs.db --> mailer /users/web_aero/Vlab/aerod1/images Thumbs.db
2011.09.06 17:09 B D:\vlab_aprl13_2011\Vlab\aerod1\images\ual1.JPG --> mailer /users/web_aero/Vlab/aerod1/images ual1.JPG
2011.09.06 17:09 B D:\vlab_aprl13_2011\Vlab\aerod1\images\ual2.JPG --> mailer /users/web_aero/Vlab/aerod1/images ual2.JPG
2011.09.06 17:09 B D:\vlab_aprl13_2011\Vlab\aerod1\images\ual3.JPG --> mailer /users/web_aero/Vlab/aerod1/images ual3.JPG
