2011.04.18 07:17 B D:\alok\junk\Vlab\aerod1\ap.html <-- Ipswitch /users/web_aero/alok/vlab_aprl13_2011/Vlab/aerod1 ap.html
2011.04.18 07:17 B D:\alok\junk\Vlab\aerod1\appendix.html <-- Ipswitch /users/web_aero/alok/vlab_aprl13_2011/Vlab/aerod1 appendix.html
2011.04.18 07:17 B D:\alok\junk\Vlab\aerod1\banner.jpg <-- Ipswitch /users/web_aero/alok/vlab_aprl13_2011/Vlab/aerod1 banner.jpg
2011.04.18 07:17 B D:\alok\junk\Vlab\aerod1\intro.html <-- Ipswitch /users/web_aero/alok/vlab_aprl13_2011/Vlab/aerod1 intro.html
2011.04.18 07:17 B D:\alok\junk\Vlab\aerod1\object.html <-- Ipswitch /users/web_aero/alok/vlab_aprl13_2011/Vlab/aerod1 object.html
2011.04.18 07:20 B D:\alok\junk\Vlab\aerod1\ap.html --> mailer /users/web_aero/Vlab/aerod1 ap.html
2011.04.18 07:20 B D:\alok\junk\Vlab\aerod1\appendix.html --> mailer /users/web_aero/Vlab/aerod1 appendix.html
2011.04.18 07:20 B D:\alok\junk\Vlab\aerod1\banner.jpg --> mailer /users/web_aero/Vlab/aerod1 banner.jpg
2011.04.18 07:20 B D:\alok\junk\Vlab\aerod1\intro.html --> mailer /users/web_aero/Vlab/aerod1 intro.html
2011.04.18 07:20 B D:\alok\junk\Vlab\aerod1\object.html --> mailer /users/web_aero/Vlab/aerod1 object.html
2011.04.18 07:20 B D:\alok\junk\Vlab\aerod1\WS_FTP.LOG --> mailer /users/web_aero/Vlab/aerod1 WS_FTP.LOG
2011.04.18 07:48 B D:\alok\junk\Vlab\aerod1\WS_FTP.LOG --> mailer /users/web_aero/Vlab/aerod1 WS_FTP.LOG
2011.04.18 07:51 B D:\alok\junk\Vlab\aerod1\WS_FTP.LOG --> mailer /users/web_aero/Vlab/aerod1 WS_FTP.LOG
2011.09.06 17:05 B D:\vlab_aprl13_2011\Vlab\aerod1\WS_FTP.LOG <-- Ipswitch /users/web_aero/Vlab/aerod1 WS_FTP.LOG
2011.09.06 17:09 B D:\vlab_aprl13_2011\Vlab\aerod1\ap.html --> mailer /users/web_aero/Vlab/aerod1 ap.html
2011.09.06 17:09 B D:\vlab_aprl13_2011\Vlab\aerod1\appendix.html --> mailer /users/web_aero/Vlab/aerod1 appendix.html
2011.09.06 17:09 B D:\vlab_aprl13_2011\Vlab\aerod1\banner.jpg --> mailer /users/web_aero/Vlab/aerod1 banner.jpg
2011.09.06 17:09 B D:\vlab_aprl13_2011\Vlab\aerod1\deltawing_1.flv --> mailer /users/web_aero/Vlab/aerod1 deltawing_1.flv
2011.09.06 17:09 B D:\vlab_aprl13_2011\Vlab\aerod1\deltawing_1.swf --> mailer /users/web_aero/Vlab/aerod1 deltawing_1.swf
2011.09.06 17:09 B D:\vlab_aprl13_2011\Vlab\aerod1\deltawing_3.flv --> mailer /users/web_aero/Vlab/aerod1 deltawing_3.flv
2011.09.06 17:09 B D:\vlab_aprl13_2011\Vlab\aerod1\deltawing_3.swf --> mailer /users/web_aero/Vlab/aerod1 deltawing_3.swf
2011.09.06 17:09 B D:\vlab_aprl13_2011\Vlab\aerod1\intro.html --> mailer /users/web_aero/Vlab/aerod1 intro.html
2011.09.06 17:09 B D:\vlab_aprl13_2011\Vlab\aerod1\mov1.htm --> mailer /users/web_aero/Vlab/aerod1 mov1.htm
2011.09.06 17:09 B D:\vlab_aprl13_2011\Vlab\aerod1\object.html --> mailer /users/web_aero/Vlab/aerod1 object.html
2011.09.06 17:09 B D:\vlab_aprl13_2011\Vlab\aerod1\results.html --> mailer /users/web_aero/Vlab/aerod1 results.html
