2011.04.13 16:28 B D:\vlab_aprl13_2011\Vlab\str\100_3337.jpg <-- Ipswitch /users/web_aero/Vlab/str 100_3337.jpg
2011.04.13 16:28 B D:\vlab_aprl13_2011\Vlab\str\100_3338.jpg <-- Ipswitch /users/web_aero/Vlab/str 100_3338.jpg
2011.04.13 16:28 B D:\vlab_aprl13_2011\Vlab\str\100_3339.jpg <-- Ipswitch /users/web_aero/Vlab/str 100_3339.jpg
2011.04.13 16:28 B D:\vlab_aprl13_2011\Vlab\str\100_3339_1.jpg <-- Ipswitch /users/web_aero/Vlab/str 100_3339_1.jpg
2011.04.13 16:28 B D:\vlab_aprl13_2011\Vlab\str\100_3340.jpg <-- Ipswitch /users/web_aero/Vlab/str 100_3340.jpg
2011.04.13 16:28 B D:\vlab_aprl13_2011\Vlab\str\100_3341.jpg <-- Ipswitch /users/web_aero/Vlab/str 100_3341.jpg
2011.04.13 16:28 B D:\vlab_aprl13_2011\Vlab\str\100_3341_1.jpg <-- Ipswitch /users/web_aero/Vlab/str 100_3341_1.jpg
2011.04.13 16:28 B D:\vlab_aprl13_2011\Vlab\str\100_3342.jpg <-- Ipswitch /users/web_aero/Vlab/str 100_3342.jpg
2011.04.13 16:28 B D:\vlab_aprl13_2011\Vlab\str\100_3342_1.jpg <-- Ipswitch /users/web_aero/Vlab/str 100_3342_1.jpg
2011.04.13 16:28 B D:\vlab_aprl13_2011\Vlab\str\100_3343.jpg <-- Ipswitch /users/web_aero/Vlab/str 100_3343.jpg
2011.04.13 16:28 B D:\vlab_aprl13_2011\Vlab\str\100_3343_1.jpg <-- Ipswitch /users/web_aero/Vlab/str 100_3343_1.jpg
2011.04.13 16:28 B D:\vlab_aprl13_2011\Vlab\str\100_3344.jpg <-- Ipswitch /users/web_aero/Vlab/str 100_3344.jpg
2011.04.13 16:28 B D:\vlab_aprl13_2011\Vlab\str\100_3345.jpg <-- Ipswitch /users/web_aero/Vlab/str 100_3345.jpg
2011.04.13 16:28 B D:\vlab_aprl13_2011\Vlab\str\100_3346.jpg <-- Ipswitch /users/web_aero/Vlab/str 100_3346.jpg
2011.04.13 16:28 B D:\vlab_aprl13_2011\Vlab\str\100_3347.jpg <-- Ipswitch /users/web_aero/Vlab/str 100_3347.jpg
2011.04.13 16:28 B D:\vlab_aprl13_2011\Vlab\str\100_3347_1.jpg <-- Ipswitch /users/web_aero/Vlab/str 100_3347_1.jpg
2011.04.13 16:28 B D:\vlab_aprl13_2011\Vlab\str\100_3348.jpg <-- Ipswitch /users/web_aero/Vlab/str 100_3348.jpg
2011.04.13 16:28 B D:\vlab_aprl13_2011\Vlab\str\100_3349.jpg <-- Ipswitch /users/web_aero/Vlab/str 100_3349.jpg
2011.04.13 16:28 B D:\vlab_aprl13_2011\Vlab\str\100_3350.jpg <-- Ipswitch /users/web_aero/Vlab/str 100_3350.jpg
2011.04.13 16:28 B D:\vlab_aprl13_2011\Vlab\str\100_3353.jpg <-- Ipswitch /users/web_aero/Vlab/str 100_3353.jpg
2011.04.13 16:28 B D:\vlab_aprl13_2011\Vlab\str\100_3354.jpg <-- Ipswitch /users/web_aero/Vlab/str 100_3354.jpg
2011.04.13 16:28 B D:\vlab_aprl13_2011\Vlab\str\100_3355.jpg <-- Ipswitch /users/web_aero/Vlab/str 100_3355.jpg
2011.04.13 16:28 B D:\vlab_aprl13_2011\Vlab\str\100_3356.jpg <-- Ipswitch /users/web_aero/Vlab/str 100_3356.jpg
2011.04.13 16:28 B D:\vlab_aprl13_2011\Vlab\str\100_3357.jpg <-- Ipswitch /users/web_aero/Vlab/str 100_3357.jpg
2011.04.13 16:28 B D:\vlab_aprl13_2011\Vlab\str\100_3358.jpg <-- Ipswitch /users/web_aero/Vlab/str 100_3358.jpg
2011.04.13 16:28 B D:\vlab_aprl13_2011\Vlab\str\100_3359.jpg <-- Ipswitch /users/web_aero/Vlab/str 100_3359.jpg
2011.04.13 16:28 B D:\vlab_aprl13_2011\Vlab\str\100_3359_1.jpg <-- Ipswitch /users/web_aero/Vlab/str 100_3359_1.jpg
2011.04.13 16:28 B D:\vlab_aprl13_2011\Vlab\str\100_3360.jpg <-- Ipswitch /users/web_aero/Vlab/str 100_3360.jpg
2011.04.13 16:28 B D:\vlab_aprl13_2011\Vlab\str\100_4502.JPG <-- Ipswitch /users/web_aero/Vlab/str 100_4502.JPG
2011.04.13 16:28 B D:\vlab_aprl13_2011\Vlab\str\100_4502_1.JPG <-- Ipswitch /users/web_aero/Vlab/str 100_4502_1.JPG
2011.04.13 16:28 B D:\vlab_aprl13_2011\Vlab\str\100_4503.JPG <-- Ipswitch /users/web_aero/Vlab/str 100_4503.JPG
2011.04.13 16:28 B D:\vlab_aprl13_2011\Vlab\str\100_4503_1.JPG <-- Ipswitch /users/web_aero/Vlab/str 100_4503_1.JPG
2011.04.13 16:28 B D:\vlab_aprl13_2011\Vlab\str\100_4504.JPG <-- Ipswitch /users/web_aero/Vlab/str 100_4504.JPG
2011.04.13 16:28 B D:\vlab_aprl13_2011\Vlab\str\100_4504_1.JPG <-- Ipswitch /users/web_aero/Vlab/str 100_4504_1.JPG
2011.04.13 16:28 B D:\vlab_aprl13_2011\Vlab\str\100_4505.JPG <-- Ipswitch /users/web_aero/Vlab/str 100_4505.JPG
2011.04.13 16:28 B D:\vlab_aprl13_2011\Vlab\str\100_4506.JPG <-- Ipswitch /users/web_aero/Vlab/str 100_4506.JPG
2011.04.13 16:28 B D:\vlab_aprl13_2011\Vlab\str\100_4506_1.JPG <-- Ipswitch /users/web_aero/Vlab/str 100_4506_1.JPG
2011.04.13 16:28 B D:\vlab_aprl13_2011\Vlab\str\100_4507.flv <-- Ipswitch /users/web_aero/Vlab/str 100_4507.flv
2011.04.13 16:28 B D:\vlab_aprl13_2011\Vlab\str\100_4507.htm <-- Ipswitch /users/web_aero/Vlab/str 100_4507.htm
2011.04.13 16:28 B D:\vlab_aprl13_2011\Vlab\str\100_4507.jpg <-- Ipswitch /users/web_aero/Vlab/str 100_4507.jpg
2011.04.13 16:28 B D:\vlab_aprl13_2011\Vlab\str\100_4507.swf <-- Ipswitch /users/web_aero/Vlab/str 100_4507.swf
2011.04.13 16:28 B D:\vlab_aprl13_2011\Vlab\str\ap.html <-- Ipswitch /users/web_aero/Vlab/str ap.html
2011.04.13 16:28 B D:\vlab_aprl13_2011\Vlab\str\appendix.html <-- Ipswitch /users/web_aero/Vlab/str appendix.html
2011.04.13 16:28 B D:\vlab_aprl13_2011\Vlab\str\banner.jpg <-- Ipswitch /users/web_aero/Vlab/str banner.jpg
2011.04.13 16:28 B D:\vlab_aprl13_2011\Vlab\str\banner2.jpg <-- Ipswitch /users/web_aero/Vlab/str banner2.jpg
2011.04.13 16:28 B D:\vlab_aprl13_2011\Vlab\str\exmplmenu_var.js <-- Ipswitch /users/web_aero/Vlab/str exmplmenu_var.js
2011.04.13 16:28 B D:\vlab_aprl13_2011\Vlab\str\expt1.html <-- Ipswitch /users/web_aero/Vlab/str expt1.html
2011.04.13 16:28 B D:\vlab_aprl13_2011\Vlab\str\handglobe.jpg <-- Ipswitch /users/web_aero/Vlab/str handglobe.jpg
2011.04.13 16:28 B D:\vlab_aprl13_2011\Vlab\str\intro.html <-- Ipswitch /users/web_aero/Vlab/str intro.html
2011.04.13 16:28 B D:\vlab_aprl13_2011\Vlab\str\intro_clip_image003.gif <-- Ipswitch /users/web_aero/Vlab/str intro_clip_image003.gif
2011.04.13 16:28 B D:\vlab_aprl13_2011\Vlab\str\intro_clip_image004.gif <-- Ipswitch /users/web_aero/Vlab/str intro_clip_image004.gif
2011.04.13 16:28 B D:\vlab_aprl13_2011\Vlab\str\menu_com.js <-- Ipswitch /users/web_aero/Vlab/str menu_com.js
2011.04.13 16:28 B D:\vlab_aprl13_2011\Vlab\str\mov1.htm <-- Ipswitch /users/web_aero/Vlab/str mov1.htm
2011.04.13 16:28 B D:\vlab_aprl13_2011\Vlab\str\mov1.jpg <-- Ipswitch /users/web_aero/Vlab/str mov1.jpg
2011.04.13 16:28 B D:\vlab_aprl13_2011\Vlab\str\mov2.htm <-- Ipswitch /users/web_aero/Vlab/str mov2.htm
2011.04.13 16:28 B D:\vlab_aprl13_2011\Vlab\str\mov2.jpg <-- Ipswitch /users/web_aero/Vlab/str mov2.jpg
2011.04.13 16:28 B D:\vlab_aprl13_2011\Vlab\str\mov3.jpg <-- Ipswitch /users/web_aero/Vlab/str mov3.jpg
2011.04.13 16:28 B D:\vlab_aprl13_2011\Vlab\str\object.html <-- Ipswitch /users/web_aero/Vlab/str object.html
2011.04.13 16:28 B D:\vlab_aprl13_2011\Vlab\str\output.flv <-- Ipswitch /users/web_aero/Vlab/str output.flv
2011.04.13 16:28 B D:\vlab_aprl13_2011\Vlab\str\output.htm <-- Ipswitch /users/web_aero/Vlab/str output.htm
2011.04.13 16:28 B D:\vlab_aprl13_2011\Vlab\str\output.jpg <-- Ipswitch /users/web_aero/Vlab/str output.jpg
2011.04.13 16:28 B D:\vlab_aprl13_2011\Vlab\str\output.swf <-- Ipswitch /users/web_aero/Vlab/str output.swf
2011.04.13 16:28 B D:\vlab_aprl13_2011\Vlab\str\plot1.jpg <-- Ipswitch /users/web_aero/Vlab/str plot1.jpg
2011.04.13 16:28 B D:\vlab_aprl13_2011\Vlab\str\plot2.jpg <-- Ipswitch /users/web_aero/Vlab/str plot2.jpg
2011.04.13 16:28 B D:\vlab_aprl13_2011\Vlab\str\result1.jpg <-- Ipswitch /users/web_aero/Vlab/str result1.jpg
2011.04.13 16:28 B D:\vlab_aprl13_2011\Vlab\str\result2.jpg <-- Ipswitch /users/web_aero/Vlab/str result2.jpg
2011.04.13 16:28 B D:\vlab_aprl13_2011\Vlab\str\results.html <-- Ipswitch /users/web_aero/Vlab/str results.html
2011.04.13 16:28 B D:\vlab_aprl13_2011\Vlab\str\str1.jpg <-- Ipswitch /users/web_aero/Vlab/str str1.jpg
2011.04.13 16:28 B D:\vlab_aprl13_2011\Vlab\str\str2.jpg <-- Ipswitch /users/web_aero/Vlab/str str2.jpg
2011.04.13 16:28 B D:\vlab_aprl13_2011\Vlab\str\str3.jpg <-- Ipswitch /users/web_aero/Vlab/str str3.jpg
2011.04.13 16:28 B D:\vlab_aprl13_2011\Vlab\str\stress_strain1.txt <-- Ipswitch /users/web_aero/Vlab/str stress_strain1.txt
2011.04.13 16:28 B D:\vlab_aprl13_2011\Vlab\str\tensile1.jpg <-- Ipswitch /users/web_aero/Vlab/str tensile1.jpg
2011.04.13 16:28 B D:\vlab_aprl13_2011\Vlab\str\tensile2.jpg <-- Ipswitch /users/web_aero/Vlab/str tensile2.jpg
2011.04.13 16:28 B D:\vlab_aprl13_2011\Vlab\str\tensile3.jpg <-- Ipswitch /users/web_aero/Vlab/str tensile3.jpg
2011.04.13 16:28 B D:\vlab_aprl13_2011\Vlab\str\tensile4.jpg <-- Ipswitch /users/web_aero/Vlab/str tensile4.jpg
2011.04.13 16:28 B D:\vlab_aprl13_2011\Vlab\str\tensile5.jpg <-- Ipswitch /users/web_aero/Vlab/str tensile5.jpg
2011.04.13 16:28 B D:\vlab_aprl13_2011\Vlab\str\tensile6.jpg <-- Ipswitch /users/web_aero/Vlab/str tensile6.jpg
2011.04.13 16:28 B D:\vlab_aprl13_2011\Vlab\str\tensile7.jpg <-- Ipswitch /users/web_aero/Vlab/str tensile7.jpg
2011.04.13 16:28 B D:\vlab_aprl13_2011\Vlab\str\test.html <-- Ipswitch /users/web_aero/Vlab/str test.html
2011.04.13 16:28 B D:\vlab_aprl13_2011\Vlab\str\Thumbs.db <-- Ipswitch /users/web_aero/Vlab/str Thumbs.db
2011.04.13 16:28 B D:\vlab_aprl13_2011\Vlab\str\ual1.jpg <-- Ipswitch /users/web_aero/Vlab/str ual1.jpg
2011.04.13 16:28 B D:\vlab_aprl13_2011\Vlab\str\ual2.jpg <-- Ipswitch /users/web_aero/Vlab/str ual2.jpg
2011.04.13 16:28 B D:\vlab_aprl13_2011\Vlab\str\ual3.jpg <-- Ipswitch /users/web_aero/Vlab/str ual3.jpg
2011.04.17 09:44 B D:\vlab_aprl13_2011\Vlab\str1\100_3337.jpg --> mailer /users/web_aero/alok/vlab_aprl13_2011/Vlab/str1 100_3337.jpg
2011.04.17 09:44 B D:\vlab_aprl13_2011\Vlab\str1\100_3338.jpg --> mailer /users/web_aero/alok/vlab_aprl13_2011/Vlab/str1 100_3338.jpg
2011.04.17 09:44 B D:\vlab_aprl13_2011\Vlab\str1\100_3339.jpg --> mailer /users/web_aero/alok/vlab_aprl13_2011/Vlab/str1 100_3339.jpg
2011.04.17 09:44 B D:\vlab_aprl13_2011\Vlab\str1\100_3339_1.jpg --> mailer /users/web_aero/alok/vlab_aprl13_2011/Vlab/str1 100_3339_1.jpg
2011.04.17 09:44 B D:\vlab_aprl13_2011\Vlab\str1\100_3340.jpg --> mailer /users/web_aero/alok/vlab_aprl13_2011/Vlab/str1 100_3340.jpg
2011.04.17 09:44 B D:\vlab_aprl13_2011\Vlab\str1\100_3341.jpg --> mailer /users/web_aero/alok/vlab_aprl13_2011/Vlab/str1 100_3341.jpg
2011.04.17 09:44 B D:\vlab_aprl13_2011\Vlab\str1\100_3341_1.jpg --> mailer /users/web_aero/alok/vlab_aprl13_2011/Vlab/str1 100_3341_1.jpg
2011.04.17 09:44 B D:\vlab_aprl13_2011\Vlab\str1\100_3342.jpg --> mailer /users/web_aero/alok/vlab_aprl13_2011/Vlab/str1 100_3342.jpg
2011.04.17 09:44 B D:\vlab_aprl13_2011\Vlab\str1\100_3342_1.jpg --> mailer /users/web_aero/alok/vlab_aprl13_2011/Vlab/str1 100_3342_1.jpg
2011.04.17 09:44 B D:\vlab_aprl13_2011\Vlab\str1\100_3343.jpg --> mailer /users/web_aero/alok/vlab_aprl13_2011/Vlab/str1 100_3343.jpg
2011.04.17 09:44 B D:\vlab_aprl13_2011\Vlab\str1\100_3343_1.jpg --> mailer /users/web_aero/alok/vlab_aprl13_2011/Vlab/str1 100_3343_1.jpg
2011.04.17 09:44 B D:\vlab_aprl13_2011\Vlab\str1\100_3344.jpg --> mailer /users/web_aero/alok/vlab_aprl13_2011/Vlab/str1 100_3344.jpg
2011.04.17 09:44 B D:\vlab_aprl13_2011\Vlab\str1\100_3345.jpg --> mailer /users/web_aero/alok/vlab_aprl13_2011/Vlab/str1 100_3345.jpg
2011.04.17 09:44 B D:\vlab_aprl13_2011\Vlab\str1\100_3346.jpg --> mailer /users/web_aero/alok/vlab_aprl13_2011/Vlab/str1 100_3346.jpg
2011.04.17 09:44 B D:\vlab_aprl13_2011\Vlab\str1\100_3347.jpg --> mailer /users/web_aero/alok/vlab_aprl13_2011/Vlab/str1 100_3347.jpg
2011.04.17 09:44 B D:\vlab_aprl13_2011\Vlab\str1\100_3347_1.jpg --> mailer /users/web_aero/alok/vlab_aprl13_2011/Vlab/str1 100_3347_1.jpg
2011.04.17 09:44 B D:\vlab_aprl13_2011\Vlab\str1\100_3348.jpg --> mailer /users/web_aero/alok/vlab_aprl13_2011/Vlab/str1 100_3348.jpg
2011.04.17 09:44 B D:\vlab_aprl13_2011\Vlab\str1\100_3349.jpg --> mailer /users/web_aero/alok/vlab_aprl13_2011/Vlab/str1 100_3349.jpg
2011.04.17 09:44 B D:\vlab_aprl13_2011\Vlab\str1\100_3350.jpg --> mailer /users/web_aero/alok/vlab_aprl13_2011/Vlab/str1 100_3350.jpg
2011.04.17 09:44 B D:\vlab_aprl13_2011\Vlab\str1\100_3353.jpg --> mailer /users/web_aero/alok/vlab_aprl13_2011/Vlab/str1 100_3353.jpg
2011.04.17 09:44 B D:\vlab_aprl13_2011\Vlab\str1\100_3354.jpg --> mailer /users/web_aero/alok/vlab_aprl13_2011/Vlab/str1 100_3354.jpg
2011.04.17 09:44 B D:\vlab_aprl13_2011\Vlab\str1\100_3355.jpg --> mailer /users/web_aero/alok/vlab_aprl13_2011/Vlab/str1 100_3355.jpg
2011.04.17 09:44 B D:\vlab_aprl13_2011\Vlab\str1\100_3356.jpg --> mailer /users/web_aero/alok/vlab_aprl13_2011/Vlab/str1 100_3356.jpg
2011.04.17 09:44 B D:\vlab_aprl13_2011\Vlab\str1\100_3357.jpg --> mailer /users/web_aero/alok/vlab_aprl13_2011/Vlab/str1 100_3357.jpg
2011.04.17 09:44 B D:\vlab_aprl13_2011\Vlab\str1\100_3358.jpg --> mailer /users/web_aero/alok/vlab_aprl13_2011/Vlab/str1 100_3358.jpg
2011.04.17 09:44 B D:\vlab_aprl13_2011\Vlab\str1\100_3359.jpg --> mailer /users/web_aero/alok/vlab_aprl13_2011/Vlab/str1 100_3359.jpg
2011.04.17 09:44 B D:\vlab_aprl13_2011\Vlab\str1\100_3359_1.jpg --> mailer /users/web_aero/alok/vlab_aprl13_2011/Vlab/str1 100_3359_1.jpg
2011.04.17 09:44 B D:\vlab_aprl13_2011\Vlab\str1\100_3360.jpg --> mailer /users/web_aero/alok/vlab_aprl13_2011/Vlab/str1 100_3360.jpg
2011.04.17 09:44 B D:\vlab_aprl13_2011\Vlab\str1\100_4502.JPG --> mailer /users/web_aero/alok/vlab_aprl13_2011/Vlab/str1 100_4502.JPG
2011.04.17 09:44 B D:\vlab_aprl13_2011\Vlab\str1\100_4502_1.JPG --> mailer /users/web_aero/alok/vlab_aprl13_2011/Vlab/str1 100_4502_1.JPG
2011.04.17 09:44 B D:\vlab_aprl13_2011\Vlab\str1\100_4503.JPG --> mailer /users/web_aero/alok/vlab_aprl13_2011/Vlab/str1 100_4503.JPG
2011.04.17 09:44 B D:\vlab_aprl13_2011\Vlab\str1\100_4503_1.JPG --> mailer /users/web_aero/alok/vlab_aprl13_2011/Vlab/str1 100_4503_1.JPG
2011.04.17 09:44 B D:\vlab_aprl13_2011\Vlab\str1\100_4504.JPG --> mailer /users/web_aero/alok/vlab_aprl13_2011/Vlab/str1 100_4504.JPG
2011.04.17 09:44 B D:\vlab_aprl13_2011\Vlab\str1\100_4504_1.JPG --> mailer /users/web_aero/alok/vlab_aprl13_2011/Vlab/str1 100_4504_1.JPG
2011.04.17 09:44 B D:\vlab_aprl13_2011\Vlab\str1\100_4505.JPG --> mailer /users/web_aero/alok/vlab_aprl13_2011/Vlab/str1 100_4505.JPG
2011.04.17 09:44 B D:\vlab_aprl13_2011\Vlab\str1\100_4506.JPG --> mailer /users/web_aero/alok/vlab_aprl13_2011/Vlab/str1 100_4506.JPG
2011.04.17 09:44 B D:\vlab_aprl13_2011\Vlab\str1\100_4506_1.JPG --> mailer /users/web_aero/alok/vlab_aprl13_2011/Vlab/str1 100_4506_1.JPG
2011.04.17 09:44 B D:\vlab_aprl13_2011\Vlab\str1\100_4507.flv --> mailer /users/web_aero/alok/vlab_aprl13_2011/Vlab/str1 100_4507.flv
2011.04.17 09:44 B D:\vlab_aprl13_2011\Vlab\str1\100_4507.htm --> mailer /users/web_aero/alok/vlab_aprl13_2011/Vlab/str1 100_4507.htm
2011.04.17 09:44 B D:\vlab_aprl13_2011\Vlab\str1\100_4507.jpg --> mailer /users/web_aero/alok/vlab_aprl13_2011/Vlab/str1 100_4507.jpg
2011.04.17 09:44 B D:\vlab_aprl13_2011\Vlab\str1\100_4507.swf --> mailer /users/web_aero/alok/vlab_aprl13_2011/Vlab/str1 100_4507.swf
2011.04.17 09:44 B D:\vlab_aprl13_2011\Vlab\str1\ap.html --> mailer /users/web_aero/alok/vlab_aprl13_2011/Vlab/str1 ap.html
2011.04.17 09:44 B D:\vlab_aprl13_2011\Vlab\str1\appendix.html --> mailer /users/web_aero/alok/vlab_aprl13_2011/Vlab/str1 appendix.html
2011.04.17 09:44 B D:\vlab_aprl13_2011\Vlab\str1\banner.jpg --> mailer /users/web_aero/alok/vlab_aprl13_2011/Vlab/str1 banner.jpg
2011.04.17 09:44 B D:\vlab_aprl13_2011\Vlab\str1\banner2.jpg --> mailer /users/web_aero/alok/vlab_aprl13_2011/Vlab/str1 banner2.jpg
2011.04.17 09:44 B D:\vlab_aprl13_2011\Vlab\str1\exmplmenu_var.js --> mailer /users/web_aero/alok/vlab_aprl13_2011/Vlab/str1 exmplmenu_var.js
2011.04.17 09:44 B D:\vlab_aprl13_2011\Vlab\str1\expt1.html --> mailer /users/web_aero/alok/vlab_aprl13_2011/Vlab/str1 expt1.html
2011.04.17 09:44 B D:\vlab_aprl13_2011\Vlab\str1\handglobe.jpg --> mailer /users/web_aero/alok/vlab_aprl13_2011/Vlab/str1 handglobe.jpg
2011.04.17 09:44 B D:\vlab_aprl13_2011\Vlab\str1\intro.html --> mailer /users/web_aero/alok/vlab_aprl13_2011/Vlab/str1 intro.html
2011.04.17 09:44 B D:\vlab_aprl13_2011\Vlab\str1\intro_clip_image003.gif --> mailer /users/web_aero/alok/vlab_aprl13_2011/Vlab/str1 intro_clip_image003.gif
2011.04.17 09:44 B D:\vlab_aprl13_2011\Vlab\str1\intro_clip_image004.gif --> mailer /users/web_aero/alok/vlab_aprl13_2011/Vlab/str1 intro_clip_image004.gif
2011.04.17 09:44 B D:\vlab_aprl13_2011\Vlab\str1\menu_com.js --> mailer /users/web_aero/alok/vlab_aprl13_2011/Vlab/str1 menu_com.js
2011.04.17 09:44 B D:\vlab_aprl13_2011\Vlab\str1\mov1.htm --> mailer /users/web_aero/alok/vlab_aprl13_2011/Vlab/str1 mov1.htm
2011.04.17 09:44 B D:\vlab_aprl13_2011\Vlab\str1\mov1.jpg --> mailer /users/web_aero/alok/vlab_aprl13_2011/Vlab/str1 mov1.jpg
2011.04.17 09:44 B D:\vlab_aprl13_2011\Vlab\str1\mov2.htm --> mailer /users/web_aero/alok/vlab_aprl13_2011/Vlab/str1 mov2.htm
2011.04.17 09:44 B D:\vlab_aprl13_2011\Vlab\str1\mov2.jpg --> mailer /users/web_aero/alok/vlab_aprl13_2011/Vlab/str1 mov2.jpg
2011.04.17 09:44 B D:\vlab_aprl13_2011\Vlab\str1\mov3.htm --> mailer /users/web_aero/alok/vlab_aprl13_2011/Vlab/str1 mov3.htm
2011.04.17 09:44 B D:\vlab_aprl13_2011\Vlab\str1\mov3.jpg --> mailer /users/web_aero/alok/vlab_aprl13_2011/Vlab/str1 mov3.jpg
2011.04.17 09:44 B D:\vlab_aprl13_2011\Vlab\str1\Movie15.flv --> mailer /users/web_aero/alok/vlab_aprl13_2011/Vlab/str1 Movie15.flv
2011.04.17 09:44 B D:\vlab_aprl13_2011\Vlab\str1\Movie15.swf --> mailer /users/web_aero/alok/vlab_aprl13_2011/Vlab/str1 Movie15.swf
2011.04.17 09:44 B D:\vlab_aprl13_2011\Vlab\str1\object.html --> mailer /users/web_aero/alok/vlab_aprl13_2011/Vlab/str1 object.html
2011.04.17 09:44 B D:\vlab_aprl13_2011\Vlab\str1\output.flv --> mailer /users/web_aero/alok/vlab_aprl13_2011/Vlab/str1 output.flv
2011.04.17 09:44 B D:\vlab_aprl13_2011\Vlab\str1\output.htm --> mailer /users/web_aero/alok/vlab_aprl13_2011/Vlab/str1 output.htm
2011.04.17 09:44 B D:\vlab_aprl13_2011\Vlab\str1\output.jpg --> mailer /users/web_aero/alok/vlab_aprl13_2011/Vlab/str1 output.jpg
2011.04.17 09:44 B D:\vlab_aprl13_2011\Vlab\str1\output.swf --> mailer /users/web_aero/alok/vlab_aprl13_2011/Vlab/str1 output.swf
2011.04.17 09:44 B D:\vlab_aprl13_2011\Vlab\str1\plot1.jpg --> mailer /users/web_aero/alok/vlab_aprl13_2011/Vlab/str1 plot1.jpg
2011.04.17 09:44 B D:\vlab_aprl13_2011\Vlab\str1\plot2.jpg --> mailer /users/web_aero/alok/vlab_aprl13_2011/Vlab/str1 plot2.jpg
2011.04.17 09:44 B D:\vlab_aprl13_2011\Vlab\str1\result1.jpg --> mailer /users/web_aero/alok/vlab_aprl13_2011/Vlab/str1 result1.jpg
2011.04.17 09:44 B D:\vlab_aprl13_2011\Vlab\str1\result2.jpg --> mailer /users/web_aero/alok/vlab_aprl13_2011/Vlab/str1 result2.jpg
2011.04.17 09:44 B D:\vlab_aprl13_2011\Vlab\str1\results.html --> mailer /users/web_aero/alok/vlab_aprl13_2011/Vlab/str1 results.html
2011.04.17 09:44 B D:\vlab_aprl13_2011\Vlab\str1\str1.jpg --> mailer /users/web_aero/alok/vlab_aprl13_2011/Vlab/str1 str1.jpg
2011.04.17 09:44 B D:\vlab_aprl13_2011\Vlab\str1\str2.jpg --> mailer /users/web_aero/alok/vlab_aprl13_2011/Vlab/str1 str2.jpg
2011.04.17 09:44 B D:\vlab_aprl13_2011\Vlab\str1\str3.jpg --> mailer /users/web_aero/alok/vlab_aprl13_2011/Vlab/str1 str3.jpg
2011.04.17 09:44 B D:\vlab_aprl13_2011\Vlab\str1\stress_strain1.txt --> mailer /users/web_aero/alok/vlab_aprl13_2011/Vlab/str1 stress_strain1.txt
2011.04.17 09:44 B D:\vlab_aprl13_2011\Vlab\str1\structure1.flv --> mailer /users/web_aero/alok/vlab_aprl13_2011/Vlab/str1 structure1.flv
2011.04.17 09:45 B D:\vlab_aprl13_2011\Vlab\str1\structure1.swf --> mailer /users/web_aero/alok/vlab_aprl13_2011/Vlab/str1 structure1.swf
2011.04.17 09:45 B D:\vlab_aprl13_2011\Vlab\str1\structures11b.jpg --> mailer /users/web_aero/alok/vlab_aprl13_2011/Vlab/str1 structures11b.jpg
2011.04.17 09:45 B D:\vlab_aprl13_2011\Vlab\str1\structures11c.jpg --> mailer /users/web_aero/alok/vlab_aprl13_2011/Vlab/str1 structures11c.jpg
2011.04.17 09:45 B D:\vlab_aprl13_2011\Vlab\str1\Structures7.jpg --> mailer /users/web_aero/alok/vlab_aprl13_2011/Vlab/str1 Structures7.jpg
2011.04.17 09:45 B D:\vlab_aprl13_2011\Vlab\str1\Structures7b.jpg --> mailer /users/web_aero/alok/vlab_aprl13_2011/Vlab/str1 Structures7b.jpg
2011.04.17 09:45 B D:\vlab_aprl13_2011\Vlab\str1\Structures_5b.jpg --> mailer /users/web_aero/alok/vlab_aprl13_2011/Vlab/str1 Structures_5b.jpg
2011.04.17 09:45 B D:\vlab_aprl13_2011\Vlab\str1\Structures_6.jpg --> mailer /users/web_aero/alok/vlab_aprl13_2011/Vlab/str1 Structures_6.jpg
2011.04.17 09:45 B D:\vlab_aprl13_2011\Vlab\str1\Structures_6b.jpg --> mailer /users/web_aero/alok/vlab_aprl13_2011/Vlab/str1 Structures_6b.jpg
2011.04.17 09:45 B D:\vlab_aprl13_2011\Vlab\str1\tensile1.jpg --> mailer /users/web_aero/alok/vlab_aprl13_2011/Vlab/str1 tensile1.jpg
2011.04.17 09:45 B D:\vlab_aprl13_2011\Vlab\str1\tensile2.jpg --> mailer /users/web_aero/alok/vlab_aprl13_2011/Vlab/str1 tensile2.jpg
2011.04.17 09:45 B D:\vlab_aprl13_2011\Vlab\str1\tensile3.jpg --> mailer /users/web_aero/alok/vlab_aprl13_2011/Vlab/str1 tensile3.jpg
2011.04.17 09:45 B D:\vlab_aprl13_2011\Vlab\str1\tensile4.jpg --> mailer /users/web_aero/alok/vlab_aprl13_2011/Vlab/str1 tensile4.jpg
2011.04.17 09:45 B D:\vlab_aprl13_2011\Vlab\str1\tensile5.jpg --> mailer /users/web_aero/alok/vlab_aprl13_2011/Vlab/str1 tensile5.jpg
2011.04.17 09:45 B D:\vlab_aprl13_2011\Vlab\str1\tensile6.jpg --> mailer /users/web_aero/alok/vlab_aprl13_2011/Vlab/str1 tensile6.jpg
2011.04.17 09:45 B D:\vlab_aprl13_2011\Vlab\str1\tensile7.jpg --> mailer /users/web_aero/alok/vlab_aprl13_2011/Vlab/str1 tensile7.jpg
2011.04.17 09:45 B D:\vlab_aprl13_2011\Vlab\str1\test.html --> mailer /users/web_aero/alok/vlab_aprl13_2011/Vlab/str1 test.html
2011.04.17 09:45 B D:\vlab_aprl13_2011\Vlab\str1\Thumbs.db --> mailer /users/web_aero/alok/vlab_aprl13_2011/Vlab/str1 Thumbs.db
2011.04.17 09:45 B D:\vlab_aprl13_2011\Vlab\str1\ual1.jpg --> mailer /users/web_aero/alok/vlab_aprl13_2011/Vlab/str1 ual1.jpg
2011.04.17 09:45 B D:\vlab_aprl13_2011\Vlab\str1\ual2.jpg --> mailer /users/web_aero/alok/vlab_aprl13_2011/Vlab/str1 ual2.jpg
2011.04.17 09:45 B D:\vlab_aprl13_2011\Vlab\str1\ual3.jpg --> mailer /users/web_aero/alok/vlab_aprl13_2011/Vlab/str1 ual3.jpg
2011.04.18 07:18 B D:\alok\junk\Vlab\str1\WS_FTP.LOG <-- Ipswitch /users/web_aero/alok/vlab_aprl13_2011/Vlab/str1 WS_FTP.LOG
2011.04.18 07:21 B D:\alok\junk\Vlab\str1\100_3337.jpg --> mailer /users/web_aero/Vlab/str1 100_3337.jpg
2011.04.18 07:21 B D:\alok\junk\Vlab\str1\100_3338.jpg --> mailer /users/web_aero/Vlab/str1 100_3338.jpg
2011.04.18 07:21 B D:\alok\junk\Vlab\str1\100_3339.jpg --> mailer /users/web_aero/Vlab/str1 100_3339.jpg
2011.04.18 07:21 B D:\alok\junk\Vlab\str1\100_3339_1.jpg --> mailer /users/web_aero/Vlab/str1 100_3339_1.jpg
2011.04.18 07:21 B D:\alok\junk\Vlab\str1\100_3340.jpg --> mailer /users/web_aero/Vlab/str1 100_3340.jpg
2011.04.18 07:21 B D:\alok\junk\Vlab\str1\100_3341.jpg --> mailer /users/web_aero/Vlab/str1 100_3341.jpg
2011.04.18 07:21 B D:\alok\junk\Vlab\str1\100_3341_1.jpg --> mailer /users/web_aero/Vlab/str1 100_3341_1.jpg
2011.04.18 07:21 B D:\alok\junk\Vlab\str1\100_3342.jpg --> mailer /users/web_aero/Vlab/str1 100_3342.jpg
2011.04.18 07:21 B D:\alok\junk\Vlab\str1\100_3342_1.jpg --> mailer /users/web_aero/Vlab/str1 100_3342_1.jpg
2011.04.18 07:21 B D:\alok\junk\Vlab\str1\100_3343.jpg --> mailer /users/web_aero/Vlab/str1 100_3343.jpg
2011.04.18 07:21 B D:\alok\junk\Vlab\str1\100_3343_1.jpg --> mailer /users/web_aero/Vlab/str1 100_3343_1.jpg
2011.04.18 07:21 B D:\alok\junk\Vlab\str1\100_3344.jpg --> mailer /users/web_aero/Vlab/str1 100_3344.jpg
2011.04.18 07:21 B D:\alok\junk\Vlab\str1\100_3345.jpg --> mailer /users/web_aero/Vlab/str1 100_3345.jpg
2011.04.18 07:21 B D:\alok\junk\Vlab\str1\100_3346.jpg --> mailer /users/web_aero/Vlab/str1 100_3346.jpg
2011.04.18 07:21 B D:\alok\junk\Vlab\str1\100_3347.jpg --> mailer /users/web_aero/Vlab/str1 100_3347.jpg
2011.04.18 07:21 B D:\alok\junk\Vlab\str1\100_3347_1.jpg --> mailer /users/web_aero/Vlab/str1 100_3347_1.jpg
2011.04.18 07:21 B D:\alok\junk\Vlab\str1\100_3348.jpg --> mailer /users/web_aero/Vlab/str1 100_3348.jpg
2011.04.18 07:21 B D:\alok\junk\Vlab\str1\100_3349.jpg --> mailer /users/web_aero/Vlab/str1 100_3349.jpg
2011.04.18 07:21 B D:\alok\junk\Vlab\str1\100_3350.jpg --> mailer /users/web_aero/Vlab/str1 100_3350.jpg
2011.04.18 07:21 B D:\alok\junk\Vlab\str1\100_3353.jpg --> mailer /users/web_aero/Vlab/str1 100_3353.jpg
2011.04.18 07:22 B D:\alok\junk\Vlab\str1\100_3354.jpg --> mailer /users/web_aero/Vlab/str1 100_3354.jpg
2011.04.18 07:22 B D:\alok\junk\Vlab\str1\100_3355.jpg --> mailer /users/web_aero/Vlab/str1 100_3355.jpg
2011.04.18 07:22 B D:\alok\junk\Vlab\str1\100_3356.jpg --> mailer /users/web_aero/Vlab/str1 100_3356.jpg
2011.04.18 07:22 B D:\alok\junk\Vlab\str1\100_3357.jpg --> mailer /users/web_aero/Vlab/str1 100_3357.jpg
2011.04.18 07:22 B D:\alok\junk\Vlab\str1\100_3358.jpg --> mailer /users/web_aero/Vlab/str1 100_3358.jpg
2011.04.18 07:22 B D:\alok\junk\Vlab\str1\100_3359.jpg --> mailer /users/web_aero/Vlab/str1 100_3359.jpg
2011.04.18 07:22 B D:\alok\junk\Vlab\str1\100_3359_1.jpg --> mailer /users/web_aero/Vlab/str1 100_3359_1.jpg
2011.04.18 07:22 B D:\alok\junk\Vlab\str1\100_3360.jpg --> mailer /users/web_aero/Vlab/str1 100_3360.jpg
2011.04.18 07:22 B D:\alok\junk\Vlab\str1\100_4502.JPG --> mailer /users/web_aero/Vlab/str1 100_4502.JPG
2011.04.18 07:22 B D:\alok\junk\Vlab\str1\100_4502_1.JPG --> mailer /users/web_aero/Vlab/str1 100_4502_1.JPG
2011.04.18 07:22 B D:\alok\junk\Vlab\str1\100_4503.JPG --> mailer /users/web_aero/Vlab/str1 100_4503.JPG
2011.04.18 07:22 B D:\alok\junk\Vlab\str1\100_4503_1.JPG --> mailer /users/web_aero/Vlab/str1 100_4503_1.JPG
2011.04.18 07:22 B D:\alok\junk\Vlab\str1\100_4504.JPG --> mailer /users/web_aero/Vlab/str1 100_4504.JPG
2011.04.18 07:22 B D:\alok\junk\Vlab\str1\100_4504_1.JPG --> mailer /users/web_aero/Vlab/str1 100_4504_1.JPG
2011.04.18 07:22 B D:\alok\junk\Vlab\str1\100_4505.JPG --> mailer /users/web_aero/Vlab/str1 100_4505.JPG
2011.04.18 07:22 B D:\alok\junk\Vlab\str1\100_4506.JPG --> mailer /users/web_aero/Vlab/str1 100_4506.JPG
2011.04.18 07:22 B D:\alok\junk\Vlab\str1\100_4506_1.JPG --> mailer /users/web_aero/Vlab/str1 100_4506_1.JPG
2011.04.18 07:22 B D:\alok\junk\Vlab\str1\100_4507.flv --> mailer /users/web_aero/Vlab/str1 100_4507.flv
2011.04.18 07:22 B D:\alok\junk\Vlab\str1\100_4507.htm --> mailer /users/web_aero/Vlab/str1 100_4507.htm
2011.04.18 07:22 B D:\alok\junk\Vlab\str1\100_4507.jpg --> mailer /users/web_aero/Vlab/str1 100_4507.jpg
2011.04.18 07:22 B D:\alok\junk\Vlab\str1\100_4507.swf --> mailer /users/web_aero/Vlab/str1 100_4507.swf
2011.04.18 07:22 B D:\alok\junk\Vlab\str1\ap.html --> mailer /users/web_aero/Vlab/str1 ap.html
2011.04.18 07:22 B D:\alok\junk\Vlab\str1\appendix.html --> mailer /users/web_aero/Vlab/str1 appendix.html
2011.04.18 07:22 B D:\alok\junk\Vlab\str1\banner.jpg --> mailer /users/web_aero/Vlab/str1 banner.jpg
2011.04.18 07:22 B D:\alok\junk\Vlab\str1\banner2.jpg --> mailer /users/web_aero/Vlab/str1 banner2.jpg
2011.04.18 07:22 B D:\alok\junk\Vlab\str1\exmplmenu_var.js --> mailer /users/web_aero/Vlab/str1 exmplmenu_var.js
2011.04.18 07:22 B D:\alok\junk\Vlab\str1\expt1.html --> mailer /users/web_aero/Vlab/str1 expt1.html
2011.04.18 07:22 B D:\alok\junk\Vlab\str1\handglobe.jpg --> mailer /users/web_aero/Vlab/str1 handglobe.jpg
2011.04.18 07:22 B D:\alok\junk\Vlab\str1\intro.html --> mailer /users/web_aero/Vlab/str1 intro.html
2011.04.18 07:22 B D:\alok\junk\Vlab\str1\intro_clip_image003.gif --> mailer /users/web_aero/Vlab/str1 intro_clip_image003.gif
2011.04.18 07:22 B D:\alok\junk\Vlab\str1\intro_clip_image004.gif --> mailer /users/web_aero/Vlab/str1 intro_clip_image004.gif
2011.04.18 07:22 B D:\alok\junk\Vlab\str1\menu_com.js --> mailer /users/web_aero/Vlab/str1 menu_com.js
2011.04.18 07:22 B D:\alok\junk\Vlab\str1\mov1.htm --> mailer /users/web_aero/Vlab/str1 mov1.htm
2011.04.18 07:22 B D:\alok\junk\Vlab\str1\mov1.jpg --> mailer /users/web_aero/Vlab/str1 mov1.jpg
2011.04.18 07:22 B D:\alok\junk\Vlab\str1\mov2.htm --> mailer /users/web_aero/Vlab/str1 mov2.htm
2011.04.18 07:22 B D:\alok\junk\Vlab\str1\mov2.jpg --> mailer /users/web_aero/Vlab/str1 mov2.jpg
2011.04.18 07:22 B D:\alok\junk\Vlab\str1\mov3.htm --> mailer /users/web_aero/Vlab/str1 mov3.htm
2011.04.18 07:22 B D:\alok\junk\Vlab\str1\mov3.jpg --> mailer /users/web_aero/Vlab/str1 mov3.jpg
2011.04.18 07:22 B D:\alok\junk\Vlab\str1\Movie15.flv --> mailer /users/web_aero/Vlab/str1 Movie15.flv
2011.04.18 07:23 B D:\alok\junk\Vlab\str1\Movie15.swf --> mailer /users/web_aero/Vlab/str1 Movie15.swf
2011.04.18 07:23 B D:\alok\junk\Vlab\str1\object.html --> mailer /users/web_aero/Vlab/str1 object.html
2011.04.18 07:23 B D:\alok\junk\Vlab\str1\output.flv --> mailer /users/web_aero/Vlab/str1 output.flv
2011.04.18 07:23 B D:\alok\junk\Vlab\str1\output.htm --> mailer /users/web_aero/Vlab/str1 output.htm
2011.04.18 07:23 B D:\alok\junk\Vlab\str1\output.jpg --> mailer /users/web_aero/Vlab/str1 output.jpg
2011.04.18 07:23 B D:\alok\junk\Vlab\str1\output.swf --> mailer /users/web_aero/Vlab/str1 output.swf
2011.04.18 07:23 B D:\alok\junk\Vlab\str1\plot1.jpg --> mailer /users/web_aero/Vlab/str1 plot1.jpg
2011.04.18 07:23 B D:\alok\junk\Vlab\str1\plot2.jpg --> mailer /users/web_aero/Vlab/str1 plot2.jpg
2011.04.18 07:23 B D:\alok\junk\Vlab\str1\result1.jpg --> mailer /users/web_aero/Vlab/str1 result1.jpg
2011.04.18 07:23 B D:\alok\junk\Vlab\str1\result2.jpg --> mailer /users/web_aero/Vlab/str1 result2.jpg
2011.04.18 07:23 B D:\alok\junk\Vlab\str1\results.html --> mailer /users/web_aero/Vlab/str1 results.html
2011.04.18 07:23 B D:\alok\junk\Vlab\str1\str1.jpg --> mailer /users/web_aero/Vlab/str1 str1.jpg
2011.04.18 07:23 B D:\alok\junk\Vlab\str1\str2.jpg --> mailer /users/web_aero/Vlab/str1 str2.jpg
2011.04.18 07:23 B D:\alok\junk\Vlab\str1\str3.jpg --> mailer /users/web_aero/Vlab/str1 str3.jpg
2011.04.18 07:23 B D:\alok\junk\Vlab\str1\stress_strain1.txt --> mailer /users/web_aero/Vlab/str1 stress_strain1.txt
2011.04.18 07:48 B D:\alok\junk\Vlab\str1\structure1.swf --> mailer /users/web_aero/Vlab/str1 structure1.swf
2011.04.18 07:48 B D:\alok\junk\Vlab\str1\structures11b.jpg --> mailer /users/web_aero/Vlab/str1 structures11b.jpg
2011.04.18 07:48 B D:\alok\junk\Vlab\str1\structures11c.jpg --> mailer /users/web_aero/Vlab/str1 structures11c.jpg
2011.04.18 07:48 B D:\alok\junk\Vlab\str1\Structures7.jpg --> mailer /users/web_aero/Vlab/str1 Structures7.jpg
2011.04.18 07:48 B D:\alok\junk\Vlab\str1\Structures7b.jpg --> mailer /users/web_aero/Vlab/str1 Structures7b.jpg
2011.04.18 07:48 B D:\alok\junk\Vlab\str1\Structures_5b.jpg --> mailer /users/web_aero/Vlab/str1 Structures_5b.jpg
2011.04.18 07:48 B D:\alok\junk\Vlab\str1\Structures_6.jpg --> mailer /users/web_aero/Vlab/str1 Structures_6.jpg
2011.04.18 07:48 B D:\alok\junk\Vlab\str1\Structures_6b.jpg --> mailer /users/web_aero/Vlab/str1 Structures_6b.jpg
2011.04.18 07:48 B D:\alok\junk\Vlab\str1\tensile1.jpg --> mailer /users/web_aero/Vlab/str1 tensile1.jpg
2011.04.18 07:48 B D:\alok\junk\Vlab\str1\tensile2.jpg --> mailer /users/web_aero/Vlab/str1 tensile2.jpg
2011.04.18 07:48 B D:\alok\junk\Vlab\str1\tensile3.jpg --> mailer /users/web_aero/Vlab/str1 tensile3.jpg
2011.04.18 07:48 B D:\alok\junk\Vlab\str1\tensile4.jpg --> mailer /users/web_aero/Vlab/str1 tensile4.jpg
2011.04.18 07:48 B D:\alok\junk\Vlab\str1\tensile5.jpg --> mailer /users/web_aero/Vlab/str1 tensile5.jpg
2011.04.18 07:48 B D:\alok\junk\Vlab\str1\tensile6.jpg --> mailer /users/web_aero/Vlab/str1 tensile6.jpg
2011.04.18 07:48 B D:\alok\junk\Vlab\str1\tensile7.jpg --> mailer /users/web_aero/Vlab/str1 tensile7.jpg
2011.04.18 07:48 B D:\alok\junk\Vlab\str1\test.html --> mailer /users/web_aero/Vlab/str1 test.html
2011.04.18 07:48 B D:\alok\junk\Vlab\str1\Thumbs.db --> mailer /users/web_aero/Vlab/str1 Thumbs.db
2011.04.18 07:48 B D:\alok\junk\Vlab\str1\ual1.jpg --> mailer /users/web_aero/Vlab/str1 ual1.jpg
2011.04.18 07:48 B D:\alok\junk\Vlab\str1\ual2.jpg --> mailer /users/web_aero/Vlab/str1 ual2.jpg
2011.04.18 07:48 B D:\alok\junk\Vlab\str1\ual3.jpg --> mailer /users/web_aero/Vlab/str1 ual3.jpg
2011.04.18 07:48 B D:\alok\junk\Vlab\str1\WS_FTP.LOG --> mailer /users/web_aero/Vlab/str1 WS_FTP.LOG
2011.04.18 07:52 B D:\alok\junk\Vlab\str1\WS_FTP.LOG --> mailer /users/web_aero/Vlab/str1 WS_FTP.LOG
